[2012-11-06 00:13:32] START
[2012-11-06 00:13:32] EDIT sss/views/newlayout.html: 354
[2012-11-06 00:21:06] EDIT sss/views/newlayout.html: 1
[2012-11-06 00:21:46] EDIT sss/views/newlayout.html: -1
[2012-11-06 00:22:22] EDIT sss/views/newlayout.html: 1
[2012-11-06 00:22:59] EDIT sss/views/newlayout.html: -1
[2012-11-06 00:23:22] EDIT sss/views/newlayout.html: 1
[2012-11-06 00:26:05] EDIT sss/views/newlayout.html: 0
[2012-11-06 00:26:18] EDIT sss/views/newlayout.html: 0
[2012-11-06 00:29:44] EDIT sss/views/newlayout.html: 0
[2012-11-06 00:36:28] EDIT sss/views/newlayout.html: -410
[2012-11-06 00:38:06] EDIT sss/views/newlayout.html: 257
[2012-11-06 00:39:21] EDIT sss/views/default/student.html: -60
[2012-11-06 00:40:12] EDIT sss/views/newlayout.html: 153
[2012-11-06 00:43:31] EDIT sss/views/newlayout.html: -250
[2012-11-06 00:44:14] EDIT sss/views/newlayout.html: -146
[2012-11-06 00:46:29] EDIT sss/views/newlayout.html: 267
[2012-11-06 00:46:43] EDIT sss/views/default/student.html: 24
[2012-11-06 00:47:38] EDIT sss/views/newlayout.html: 0
[2012-11-06 00:47:55] EDIT sss/views/newlayout.html: 0
[2012-11-06 00:48:25] EDIT sss/views/newlayout.html: -265
[2012-11-06 00:48:39] EDIT sss/views/newlayout.html: 0
[2012-11-06 00:51:27] EDIT sss/views/generic.html: 0
[2012-11-06 00:51:47] EDIT sss/views/generic.html: 0
[2012-11-06 00:55:55] EDIT sss/views/newlayout.html: 1
[2012-11-06 00:57:33] EDIT sss/views/newlayout.html: 265
[2012-11-06 00:57:45] EDIT sss/views/default/student.html: 1
[2012-11-06 00:57:53] EDIT sss/views/newlayout.html: -265
[2012-11-06 00:59:46] EDIT sss/views/default/student.html: -6
[2012-11-06 01:04:26] EDIT sss/views/default/student.html: 0
[2012-11-06 01:09:42] EDIT sss/views/default/student.html: 0
[2012-11-06 01:36:08] EDIT sss/models/menu.py: 1
[2012-11-06 01:36:29] EDIT sss/views/default/student.html: -2
[2012-11-06 01:52:13] EDIT sss/views/default/student.html: -8
[2012-11-06 01:53:58] EDIT sss/views/default/student.html: 8
[2012-11-06 02:00:00] EDIT sss/views/default/student.html: 0
[2012-11-06 02:00:31] EDIT sss/views/default/student.html: 0
[2012-11-06 02:00:45] EDIT sss/views/default/student.html: 0
[2012-11-06 02:00:56] EDIT sss/views/default/student.html: 0
[2012-11-06 02:01:07] EDIT sss/views/default/student.html: 0
[2012-11-06 02:01:15] EDIT sss/views/default/student.html: 0
[2012-11-06 02:01:27] EDIT sss/views/default/student.html: 0
[2012-11-06 02:02:58] EDIT sss/views/default/student.html: 0
[2012-11-06 02:03:05] EDIT sss/views/default/student.html: 0
[2012-11-06 02:04:38] EDIT sss/views/default/student.html: 0
[2012-11-06 02:04:52] EDIT sss/views/default/student.html: 0
[2012-11-06 02:06:34] EDIT sss/views/default/student.html: -1
[2012-11-06 02:09:40] EDIT sss/views/default/student.html: 0
[2012-11-06 02:10:14] EDIT sss/views/default/student.html: 0
[2012-11-06 02:12:12] EDIT sss/views/default/student.html: 0
[2012-11-06 02:17:28] EDIT sss/views/default/student.html: 0
[2012-11-06 02:17:40] EDIT sss/views/default/student.html: 0
[2012-11-06 02:23:05] EDIT sss/views/default/student.html: 0
[2012-11-06 02:23:16] EDIT sss/views/default/student.html: 0
[2012-11-06 02:24:19] EDIT sss/views/default/student.html: 0
[2012-11-06 02:24:58] EDIT sss/views/default/student.html: 0
[2012-11-06 02:25:27] EDIT sss/views/default/student.html: 0
[2012-11-06 02:25:44] EDIT sss/views/default/student.html: 1
[2012-11-06 02:25:48] EDIT sss/views/default/student.html: 0
[2012-11-06 02:25:55] EDIT sss/views/default/student.html: -1
[2012-11-06 02:26:01] EDIT sss/views/default/student.html: 0
[2012-11-06 02:29:14] EDIT sss/views/default/student.html: 0
[2012-11-06 02:29:28] EDIT sss/views/default/student.html: 0
[2012-11-06 02:33:39] EDIT sss/views/default/student.html: 0
[2012-11-06 02:34:01] EDIT sss/views/default/student.html: 0
[2012-11-06 02:36:01] EDIT sss/views/default/student.html: 1
[2012-11-06 02:37:35] EDIT sss/views/default/student.html: 0
[2012-11-06 02:37:44] EDIT sss/views/default/student.html: 0
[2012-11-06 02:38:12] EDIT sss/views/default/student.html: 0
[2012-11-06 02:38:25] EDIT sss/views/default/student.html: 0
[2012-11-06 02:39:06] EDIT sss/views/default/student.html: 0
[2012-11-06 02:39:20] EDIT sss/views/default/student.html: 0
[2012-11-06 02:39:40] EDIT sss/views/default/student.html: 0
[2012-11-06 02:40:48] EDIT sss/views/default/student.html: 0
[2012-11-06 02:43:11] EDIT sss/views/default/student.html: 0
[2012-11-06 02:43:46] EDIT sss/views/default/student.html: 0
[2012-11-06 02:46:06] EDIT sss/views/default/student.html: 0
[2012-11-06 02:47:38] EDIT sss/views/default/student.html: 0
[2012-11-06 02:48:00] EDIT sss/views/default/student.html: 0
[2012-11-06 02:48:06] EDIT sss/views/default/student.html: 0
[2012-11-06 02:48:29] EDIT sss/views/default/student.html: 0
[2012-11-06 02:50:03] EDIT sss/views/default/student.html: -1
[2012-11-06 02:50:27] EDIT sss/views/default/student.html: 0
[2012-11-06 02:50:44] EDIT sss/views/default/student.html: 0
[2012-11-06 02:54:12] EDIT sss/views/default/student.html: 0
[2012-11-06 03:33:53] EDIT sss/views/default/student.html: 0
[2012-11-06 03:34:10] EDIT sss/views/default/student.html: 0
[2012-11-06 03:52:49] EDIT sss/views/default/student.html: 0
[2012-11-06 03:53:10] EDIT sss/views/default/student.html: 0
[2012-11-06 03:53:22] EDIT sss/views/default/student.html: 0
[2012-11-06 14:03:28] EDIT sss/views/default/student.html: 0
[2012-11-06 14:08:47] EDIT sss/views/default/student.html: 0
[2012-11-06 14:11:03] EDIT sss/views/default/student.html: 0
[2012-11-06 14:11:37] EDIT sss/views/default/student.html: 0
[2012-11-06 14:16:17] EDIT sss/views/default/student.html: 0
[2012-11-06 14:24:12] EDIT sss/views/default/student.html: 0
[2012-11-06 14:25:00] EDIT sss/views/default/student.html: 0
[2012-11-06 14:25:12] EDIT sss/views/default/student.html: 0
[2012-11-06 14:26:06] EDIT sss/views/default/student.html: 0
[2012-11-06 14:30:12] EDIT sss/views/default/student.html: 0
[2012-11-06 14:30:29] EDIT sss/views/default/student.html: 0
[2012-11-06 14:32:13] EDIT sss/views/default/student.html: 0
[2012-11-06 14:32:21] EDIT sss/views/default/student.html: 0
[2012-11-06 14:32:28] EDIT sss/views/default/student.html: 0
[2012-11-06 14:32:34] EDIT sss/views/default/student.html: 0
[2012-11-06 14:32:39] EDIT sss/views/default/student.html: 0
[2012-11-06 14:33:27] EDIT sss/views/default/student.html: 0
[2012-11-06 14:34:21] EDIT sss/views/default/student.html: 0
[2012-11-06 14:34:42] EDIT sss/views/default/student.html: 0
[2012-11-06 14:35:22] EDIT sss/views/default/student.html: 0
[2012-11-06 14:35:31] EDIT sss/views/default/student.html: 0
[2012-11-06 14:36:51] EDIT sss/views/default/student.html: 0
[2012-11-06 14:36:55] EDIT sss/views/default/student.html: 0
[2012-11-06 14:37:36] EDIT sss/views/default/student.html: 0
[2012-11-12 19:28:58] EDIT sss/views/default/student.html: 46
[2012-11-12 19:31:34] EDIT sss/controllers/default.py: 3
[2012-11-12 19:32:37] EDIT sss/views/default/student.html: -1
[2012-11-12 19:33:12] EDIT sss/views/default/student.html: -1
[2012-11-12 19:37:06] EDIT sss/views/default/student.html: 0
[2012-11-12 19:41:09] EDIT sss/views/default/student.html: 1
[2012-11-12 19:41:21] EDIT sss/views/default/student.html: 0
[2012-11-12 19:42:14] EDIT sss/views/default/student.html: -1
[2012-11-12 19:43:41] EDIT sss/views/default/student.html: 1
[2012-11-12 19:43:56] EDIT sss/views/default/student.html: 0
[2012-11-12 19:45:21] EDIT sss/views/default/student.html: 0
[2012-11-12 19:46:36] EDIT sss/views/default/student.html: 0
[2012-11-12 19:46:49] EDIT sss/views/default/student.html: -1
[2012-11-12 19:46:59] EDIT sss/views/default/student.html: 0
[2012-11-12 19:47:05] EDIT sss/views/default/student.html: 1
[2012-11-12 19:56:48] EDIT sss/views/default/student.html: 4
[2012-11-12 19:57:38] EDIT sss/views/default/student.html: 0
[2012-11-12 19:57:57] EDIT sss/views/default/student.html: 0
[2012-11-12 19:58:18] EDIT sss/views/default/student.html: 0
[2012-11-12 19:59:11] EDIT sss/views/default/student.html: 0
[2012-11-12 20:01:37] EDIT sss/views/default/student.html: 63
[2012-11-12 20:02:54] EDIT sss/views/default/student.html: 0
[2012-11-12 20:03:24] EDIT sss/views/default/student.html: 0
[2012-11-12 20:03:48] EDIT sss/views/default/student.html: 0
[2012-11-12 20:05:24] EDIT sss/views/default/student.html: 2
[2012-11-12 20:06:10] EDIT sss/views/default/student.html: 0
[2012-11-12 20:06:40] EDIT sss/views/default/student.html: 0
[2012-11-12 20:07:18] EDIT sss/views/default/student.html: 0
[2012-11-12 20:08:54] EDIT sss/views/default/student.html: 1
[2012-11-12 20:09:55] EDIT sss/views/default/student.html: 0
[2012-11-12 20:10:28] EDIT sss/views/default/student.html: -1
[2012-11-12 20:11:26] EDIT sss/views/default/student.html: 1
[2012-11-12 20:13:19] EDIT sss/views/default/student.html: 0
[2012-11-12 20:16:38] EDIT sss/views/default/student.html: 0
[2012-11-12 20:17:49] EDIT sss/views/default/student.html: -1
[2012-11-12 20:18:12] EDIT sss/views/default/student.html: 0
[2012-11-12 20:18:31] EDIT sss/views/default/student.html: 0
[2012-11-12 20:19:47] EDIT sss/views/default/student.html: 0
[2012-11-12 20:21:20] EDIT sss/views/default/student.html: 0
[2012-11-12 20:21:25] EDIT sss/views/default/student.html: 0
[2012-11-12 20:32:22] EDIT sss/views/default/student.html: 0
[2012-11-12 20:33:00] EDIT sss/views/default/student.html: -11
[2012-11-12 20:33:24] EDIT sss/views/default/student.html: 0
[2012-11-12 20:33:43] EDIT sss/views/default/student.html: 11
[2012-11-12 20:35:25] EDIT sss/views/default/student.html: 0
[2012-11-12 20:35:47] EDIT sss/views/default/student.html: 0
[2012-11-12 20:36:00] EDIT sss/views/default/student.html: 0
[2012-11-12 22:10:45] EDIT sss/controllers/default.py: 84
[2012-11-12 22:14:50] EDIT sss/models/db.py: 33
[2012-11-12 22:15:04] EDIT sss/views/default/student.html: 0
[2012-11-12 22:15:51] EDIT sss/controllers/default.py: 0
[2012-11-12 22:16:12] EDIT sss/controllers/default.py: 0
[2012-11-12 22:23:01] EDIT sss/controllers/default.py: 2
[2012-11-12 22:23:37] EDIT sss/controllers/default.py: 0
[2012-11-12 22:23:56] EDIT sss/controllers/default.py: 0
[2012-11-12 22:56:36] EDIT sss/controllers/default.py: 0
[2012-11-12 22:58:55] EDIT sss/controllers/default.py: -15
[2012-11-12 23:04:02] EDIT sss/views/default/viewprivate.html: 0
[2012-11-12 23:08:03] EDIT sss/views/default/viewprivate.html: 18
[2012-11-12 23:08:04] EDIT sss/views/default/viewprivate.html: 0
[2012-11-12 23:15:01] EDIT sss/views/default/complaint.html: 98
[2012-11-12 23:21:03] EDIT sss/controllers/default.py: 12
[2012-11-12 23:21:04] EDIT sss/controllers/default.py: 0
[2012-11-12 23:21:05] EDIT sss/controllers/default.py: 0
[2012-11-12 23:21:33] EDIT sss/views/default/complaint.html: 2
[2012-11-12 23:24:10] EDIT sss/views/default/complaint.html: 0
[2012-11-12 23:26:47] EDIT sss/models/db.py: 0
[2012-11-13 00:00:12] EDIT sss/controllers/default.py: 0
[2012-11-13 00:01:17] EDIT sss/controllers/default.py: 0
[2012-11-13 00:08:57] EDIT sss/models/db.py: 0
[2012-11-13 00:19:15] EDIT sss/controllers/default.py: 0
[2012-11-13 00:26:32] EDIT sss/controllers/default.py: 0
[2012-11-13 00:28:32] EDIT sss/views/default/complaint.html: -2
[2012-11-13 00:30:07] EDIT sss/views/default/complaint.html: 0
[2012-11-13 00:31:10] EDIT sss/views/default/complaint.html: 0
[2012-11-13 00:34:56] EDIT sss/views/default/complaint.html: 0
[2012-11-13 00:37:53] EDIT sss/controllers/default.py: 0
[2012-11-13 00:38:45] EDIT sss/views/default/complaint.html: 0
[2012-11-13 00:39:20] EDIT sss/views/default/complaint.html: 0
[2012-11-13 00:39:53] EDIT sss/views/default/complaint.html: 0
[2012-11-13 00:41:43] EDIT sss/views/default/complaint.html: 0
[2012-11-13 00:42:55] EDIT sss/views/default/complaint.html: 0
[2012-11-13 00:45:14] EDIT sss/controllers/default.py: 2
[2012-11-13 00:49:15] EDIT sss/controllers/default.py: -2
[2012-11-13 00:57:40] EDIT sss/views/default/complaint.html: 0
[2012-11-13 00:58:19] EDIT sss/views/default/complaint.html: -1
[2012-11-13 00:59:07] EDIT sss/views/default/complaint.html: 1
[2012-11-13 01:00:06] EDIT sss/views/default/complaint.html: -1
[2012-11-13 01:00:28] EDIT sss/views/default/complaint.html: 0
[2012-11-13 01:00:56] EDIT sss/views/default/complaint.html: 0
[2012-11-13 01:33:48] EDIT sss/controllers/default.py: 0
[2012-11-13 01:34:35] EDIT sss/views/default/complaint.html: 0
[2012-11-13 01:35:02] EDIT sss/views/default/complaint.html: 0
[2012-11-13 01:35:25] EDIT sss/views/default/complaint.html: 0
[2012-11-13 01:35:41] EDIT sss/views/default/complaint.html: 0
[2012-11-13 01:35:55] EDIT sss/controllers/default.py: 0
[2012-11-13 01:36:34] EDIT sss/controllers/default.py: -1
[2012-11-13 01:36:53] EDIT sss/controllers/default.py: 0
[2012-11-13 01:41:45] EDIT sss/controllers/default.py: 1
[2012-11-13 01:41:53] EDIT sss/controllers/default.py: 0
[2012-11-13 01:42:29] EDIT sss/views/default/complaint.html: 0
[2012-11-13 01:55:44] EDIT sss/controllers/default.py: 14
[2012-11-13 01:56:28] EDIT sss/controllers/default.py: 0
[2012-11-13 01:56:38] EDIT sss/controllers/default.py: 0
[2012-11-13 01:57:11] EDIT sss/views/default/complaint.html: 0
[2012-11-13 01:57:59] EDIT sss/views/default/complaint.html: -3
[2012-11-13 01:59:43] EDIT sss/views/default/complaint.html: 10
[2012-11-13 02:00:24] EDIT sss/views/default/complaint.html: 1
[2012-11-13 02:01:32] EDIT sss/views/default/complaint.html: 0
[2012-11-13 02:02:37] EDIT sss/views/default/complaint.html: 6
[2012-11-13 02:03:17] EDIT sss/views/default/complaint.html: 0
[2012-11-13 02:04:02] EDIT sss/views/default/complaint.html: 0
[2012-11-13 02:04:40] EDIT sss/views/default/complaint.html: 0
[2012-11-13 02:07:17] EDIT sss/views/default/complaint.html: 0
[2012-11-13 02:09:03] EDIT sss/controllers/default.py: 0
[2012-11-13 02:09:59] EDIT sss/views/default/complaint.html: 0
[2012-11-13 02:10:10] EDIT sss/views/default/complaint.html: 0
[2012-11-13 02:10:24] EDIT sss/views/default/complaint.html: 0
[2012-11-13 02:10:33] EDIT sss/views/default/complaint.html: 0
[2012-11-13 02:10:38] EDIT sss/views/default/complaint.html: 0
[2012-11-13 02:34:02] EDIT sss/controllers/default.py: 0
[2012-11-13 02:34:34] EDIT sss/controllers/default.py: 0
[2012-11-13 02:34:51] EDIT sss/controllers/default.py: 0
[2012-11-13 02:37:03] EDIT sss/controllers/default.py: 0
[2012-11-13 02:40:12] EDIT sss/controllers/default.py: 0
[2012-11-13 02:40:47] EDIT sss/controllers/default.py: 0
[2012-11-13 02:41:16] EDIT sss/controllers/default.py: 0
[2012-11-13 02:41:54] EDIT sss/controllers/default.py: 0
[2012-11-13 02:42:09] EDIT sss/controllers/default.py: 0
[2012-11-13 02:42:30] EDIT sss/controllers/default.py: 0
[2012-11-13 02:43:00] EDIT sss/controllers/default.py: 0
[2012-11-13 02:47:27] EDIT sss/models/db.py: 0
[2012-11-13 02:51:44] EDIT sss/views/default/complaint.html: 0
[2012-11-13 14:31:27] EDIT sss/views/default/complaint.html: 0
[2012-11-13 14:32:17] EDIT sss/views/default/complaint.html: 0
[2012-11-13 14:32:56] EDIT sss/views/default/complaint.html: 0
[2012-11-13 14:33:50] EDIT sss/views/default/complaint.html: 0
[2012-11-13 14:34:16] EDIT sss/views/default/complaint.html: 0
[2012-11-13 14:34:47] EDIT sss/views/default/complaint.html: 0
[2012-11-13 14:34:55] EDIT sss/views/default/complaint.html: 0
[2012-11-13 14:35:21] EDIT sss/views/default/complaint.html: 0
[2012-11-13 14:35:24] EDIT sss/views/default/complaint.html: 0
[2012-11-13 14:59:18] EDIT sss/controllers/default.py: 2
[2012-11-13 15:02:40] EDIT sss/controllers/default.py: 0
[2012-11-13 15:02:57] EDIT sss/controllers/default.py: 0
[2012-11-13 15:04:00] EDIT sss/views/default/vcomplaint.html: 0
[2012-11-13 15:04:34] EDIT sss/views/default/vcomplaint.html: 0
[2012-11-13 15:05:29] EDIT sss/views/default/vcomplaint.html: -1
[2012-11-13 15:05:50] EDIT sss/controllers/default.py: 0
[2012-11-13 15:06:00] EDIT sss/views/default/vcomplaint.html: 0
[2012-11-13 15:07:02] EDIT sss/controllers/default.py: 1
[2012-11-13 15:07:34] EDIT sss/views/default/vcomplaint.html: 0
[2012-11-13 15:08:11] EDIT sss/views/default/vcomplaint.html: -1
[2012-11-13 15:08:21] EDIT sss/views/default/vcomplaint.html: -1
[2012-11-13 15:12:14] EDIT sss/views/default/complaint.html: -3
[2012-11-13 15:12:50] EDIT sss/views/default/complaint.html: 0
[2012-11-13 15:14:06] EDIT sss/views/default/complaint.html: -2
[2012-11-13 15:15:04] EDIT sss/views/default/complaint.html: 0
[2012-11-13 15:15:42] EDIT sss/views/default/complaint.html: 0
[2012-11-13 15:15:44] EDIT sss/views/default/complaint.html: 0
[2012-11-13 15:16:27] EDIT sss/views/default/complaint.html: 0
[2012-11-13 15:17:13] EDIT sss/views/default/complaint.html: 4
[2012-11-13 15:17:39] EDIT sss/views/default/complaint.html: -4
[2012-11-13 15:18:01] EDIT sss/views/default/complaint.html: 0
[2012-11-13 15:18:10] EDIT sss/views/default/complaint.html: 0
[2012-11-13 15:18:53] EDIT sss/views/default/complaint.html: 4
[2012-11-13 15:19:05] EDIT sss/views/default/complaint.html: 0
[2012-11-13 15:19:16] EDIT sss/views/default/complaint.html: 0
[2012-11-13 15:21:28] EDIT sss/models/menu.py: 0
[2012-11-13 15:22:21] EDIT sss/models/menu.py: 0
[2012-11-13 15:23:46] EDIT sss/controllers/default.py: 0
[2012-11-13 15:25:06] CREATE default/view_vacant_rooms.html: 0
[2012-11-13 15:25:20] EDIT sss/views/default/view_vacant_rooms.html: 15
[2012-11-13 15:27:23] CREATE default/vacant_rooms.html: 0
[2012-11-13 15:27:32] EDIT sss/views/default/vacant_rooms.html: 1
[2012-11-13 15:30:05] EDIT sss/controllers/default.py: 5
[2012-11-13 15:30:34] EDIT sss/controllers/default.py: 0
[2012-11-13 15:34:40] EDIT sss/controllers/default.py: -6
[2012-11-13 15:41:35] EDIT sss/views/default/vacant_rooms.html: 5
[2012-11-13 15:42:06] EDIT sss/views/default/vacant_rooms.html: 0
[2012-11-13 15:43:27] EDIT sss/views/default/vacant_rooms.html: 0
[2012-11-13 15:45:58] EDIT sss/views/default/vacant_rooms.html: 0
[2012-11-13 15:48:25] EDIT sss/controllers/default.py: 3
[2012-11-13 15:48:27] EDIT sss/views/default/vacant_rooms.html: 0
[2012-11-13 15:50:35] EDIT sss/views/default/vacant_rooms.html: 0
[2012-11-13 15:50:48] EDIT sss/views/default/vacant_rooms.html: 0
[2012-11-13 15:50:58] EDIT sss/views/default/vacant_rooms.html: 0
[2012-11-13 15:51:24] EDIT sss/views/default/vacant_rooms.html: 0
[2012-11-13 15:51:43] EDIT sss/views/default/vacant_rooms.html: 0
[2012-11-13 15:52:08] EDIT sss/views/default/vacant_rooms.html: 0
[2012-11-13 15:52:31] EDIT sss/views/default/vacant_rooms.html: 0
[2012-11-13 15:53:03] EDIT sss/views/default/vacant_rooms.html: 0
[2012-11-13 15:54:40] EDIT sss/views/default/vacant_rooms.html: 0
[2012-11-13 15:55:04] EDIT sss/views/default/vacant_rooms.html: 0
[2012-11-13 15:55:20] EDIT sss/views/default/vacant_rooms.html: 0
[2012-11-13 15:58:28] EDIT sss/views/default/vacant_rooms.html: 0
[2012-11-13 15:58:46] EDIT sss/views/default/vacant_rooms.html: 0
[2012-11-13 15:59:37] EDIT sss/views/default/vacant_rooms.html: 0
[2012-11-13 16:01:13] EDIT sss/views/default/view_vacant_rooms.html: 0
[2012-11-13 16:02:08] EDIT sss/views/default/view_vacant_rooms.html: 0
[2012-11-13 16:02:49] EDIT sss/views/default/view_vacant_rooms.html: 1
[2012-11-13 16:03:16] EDIT sss/views/default/view_vacant_rooms.html: 0
[2012-11-13 16:20:26] EDIT sss/controllers/default.py: 0
[2012-11-13 16:24:20] EDIT sss/controllers/default.py: -19
[2012-11-13 16:24:45] EDIT sss/controllers/default.py: 0
[2012-11-13 16:26:22] EDIT sss/models/db.py: -12
[2012-11-13 16:28:01] EDIT sss/models/db.py: 1
[2012-11-13 16:28:25] EDIT sss/models/db.py: 0
[2012-11-13 16:29:57] CREATE default/view_vacant_rooms_request.html: 0
[2012-11-13 16:41:09] DELETE sss/views/default/view_vacant_rooms_request.html: -3
[2012-11-13 16:41:18] EDIT sss/models/db.py: -7
[2012-11-13 16:42:07] EDIT sss/controllers/default.py: -7
[2012-11-13 16:43:05] EDIT sss/views/default/view_vacant_rooms.html: -7
[2012-11-13 16:44:23] EDIT sss/views/default/view_vacant_rooms.html: 1
[2012-11-13 16:47:02] EDIT sss/models/menu.py: 1
[2012-11-13 16:51:18] EDIT sss/controllers/default.py: 0
[2012-11-13 16:52:32] EDIT sss/views/default/complaint.html: 0
[2012-11-13 16:52:46] EDIT sss/views/default/complaint.html: 0
[2012-11-13 16:53:04] EDIT sss/views/default/complaint.html: -1
[2012-11-13 16:57:39] EDIT sss/controllers/default.py: 0
[2012-11-13 16:59:00] EDIT sss/views/default/complaint.html: -3
[2012-11-13 16:59:34] EDIT sss/views/default/complaint.html: 0
[2012-11-13 17:00:16] EDIT sss/views/default/complaint.html: 0
[2012-11-13 17:14:37] EDIT sss/views/default/complaint.html: 9
[2012-11-13 17:15:03] EDIT sss/views/default/complaint.html: 1
[2012-11-13 17:15:38] EDIT sss/views/default/complaint.html: -7
[2012-11-13 17:20:07] EDIT sss/views/default/complaint.html: 9
[2012-11-13 17:20:47] EDIT sss/views/default/complaint.html: 0
[2012-11-13 17:22:39] EDIT sss/views/default/complaint.html: 1
[2012-11-13 17:23:10] EDIT sss/views/default/complaint.html: 2
[2012-11-13 17:25:27] EDIT sss/views/default/complaint.html: -3
[2012-11-13 17:28:45] EDIT sss/views/default/complaint.html: 1
[2012-11-13 17:29:09] EDIT sss/views/default/complaint.html: 1
[2012-11-13 17:33:32] EDIT sss/views/default/complaint.html: 0
[2012-11-13 17:36:27] EDIT sss/views/default/complaint.html: -1
[2012-11-13 17:36:56] EDIT sss/views/default/complaint.html: 0
[2012-11-13 17:39:20] EDIT sss/views/default/complaint.html: 0
[2012-11-13 17:46:22] EDIT sss/views/default/complaint.html: 1
[2012-11-13 17:50:50] EDIT sss/views/default/complaint.html: -1
[2012-11-13 17:57:36] EDIT sss/views/default/complaint.html: 2
[2012-11-13 17:58:07] EDIT sss/views/default/complaint.html: 0
[2012-11-13 17:58:50] EDIT sss/views/default/complaint.html: 0
[2012-11-13 17:59:25] EDIT sss/views/default/complaint.html: 0
[2012-11-13 17:59:47] EDIT sss/views/default/complaint.html: 0
[2012-11-13 18:00:02] EDIT sss/views/default/complaint.html: 0
[2012-11-13 18:00:53] EDIT sss/views/default/complaint.html: 0
[2012-11-13 18:02:43] EDIT sss/views/default/complaint.html: 0
[2012-11-13 18:03:04] EDIT sss/views/default/complaint.html: -1
[2012-11-13 18:04:23] EDIT sss/views/default/complaint.html: 1
[2012-11-13 18:05:16] EDIT sss/views/default/complaint.html: 0
[2012-11-13 18:06:11] EDIT sss/views/default/complaint.html: 1
[2012-11-13 18:07:22] EDIT sss/views/default/complaint.html: 0
[2012-11-13 18:08:17] EDIT sss/views/default/complaint.html: 0
[2012-11-13 21:41:10] EDIT sss/views/default/vcomplaint.html: 14
[2012-11-13 21:41:16] EDIT sss/views/default/vcomplaint.html: 0
[2012-11-13 21:41:59] EDIT sss/views/default/vcomplaint.html: 0
[2012-11-13 21:42:16] EDIT sss/views/default/vcomplaint.html: 0
[2012-11-13 21:42:21] EDIT sss/views/default/vcomplaint.html: 0
[2012-11-13 21:42:34] EDIT sss/views/default/vcomplaint.html: 0
[2012-11-13 21:42:59] EDIT sss/views/default/vcomplaint.html: 0
[2012-11-13 21:43:17] EDIT sss/views/default/vcomplaint.html: 0
[2012-11-13 21:44:03] EDIT sss/views/default/vcomplaint.html: -14
[2012-11-13 21:44:16] EDIT sss/views/default/vcomplaint.html: 0
[2012-11-13 21:48:28] EDIT sss/views/default/vcomplaint.html: 12
[2012-11-13 21:49:56] EDIT sss/views/default/vcomplaint.html: 1
[2012-11-13 21:50:16] EDIT sss/views/default/vcomplaint.html: 0
[2012-11-13 21:50:55] EDIT sss/views/default/vcomplaint.html: 0
[2012-11-13 21:55:34] EDIT sss/views/default/vcomplaint.html: 0
[2012-11-13 21:56:18] EDIT sss/views/default/vcomplaint.html: 0
[2012-11-13 21:58:51] EDIT sss/views/default/vcomplaint.html: 0
[2012-11-13 21:59:12] EDIT sss/views/default/vcomplaint.html: 0
[2012-11-13 22:04:23] EDIT sss/views/default/vcomplaint.html: 1
[2012-11-13 22:05:24] EDIT sss/views/default/vcomplaint.html: 0
[2012-11-13 22:05:44] EDIT sss/views/default/vcomplaint.html: -1
[2012-11-13 22:08:23] EDIT sss/views/default/vcomplaint.html: 0
[2012-11-13 22:09:26] EDIT sss/views/default/vcomplaint.html: 0
[2012-11-13 22:11:18] EDIT sss/views/default/vcomplaint.html: 0
[2012-11-13 22:11:30] EDIT sss/views/default/vcomplaint.html: 2
[2012-11-13 22:12:08] EDIT sss/controllers/default.py: 5
[2012-11-13 22:12:52] EDIT sss/controllers/default.py: 1
[2012-11-13 22:13:17] EDIT sss/controllers/default.py: -1
[2012-11-13 22:14:30] EDIT sss/controllers/default.py: 0
[2012-11-13 22:15:18] EDIT sss/controllers/default.py: 0
[2012-11-13 22:15:39] EDIT sss/views/default/vcomplaint.html: 1
[2012-11-13 22:16:02] EDIT sss/views/default/vcomplaint.html: 0
[2012-11-13 22:24:01] EDIT sss/views/default/complaint.html: 7
[2012-11-13 22:24:29] EDIT sss/views/default/complaint.html: -6
[2012-11-13 22:25:05] EDIT sss/views/default/complaint.html: 0
[2012-11-13 22:27:55] EDIT sss/views/default/complaint.html: -2
[2012-11-13 22:30:34] EDIT sss/views/default/complaint.html: 5
[2012-11-13 22:31:06] EDIT sss/views/default/complaint.html: 0
[2012-11-13 22:31:37] EDIT sss/views/default/complaint.html: 1
[2012-11-13 22:32:05] EDIT sss/views/default/complaint.html: 0
[2012-11-13 22:32:45] EDIT sss/views/default/complaint.html: -1
[2012-11-13 22:33:17] EDIT sss/views/default/complaint.html: 0
[2012-11-13 22:33:51] EDIT sss/views/default/complaint.html: 0
[2012-11-13 22:34:11] EDIT sss/views/default/complaint.html: 0
[2012-11-13 22:34:11] EDIT sss/views/default/complaint.html: 0
[2012-11-13 22:36:53] EDIT sss/views/default/complaint.html: 1
[2012-11-13 22:37:22] EDIT sss/views/default/complaint.html: 1
[2012-11-13 22:37:41] EDIT sss/views/default/complaint.html: 0
[2012-11-13 22:38:12] EDIT sss/views/default/complaint.html: 1
[2012-11-13 22:38:30] EDIT sss/views/default/complaint.html: 0
[2012-11-13 22:40:10] EDIT sss/views/default/complaint.html: 0
[2012-11-13 22:41:23] EDIT sss/views/default/complaint.html: -1
[2012-11-13 22:41:46] EDIT sss/views/default/complaint.html: 0
[2012-11-13 22:42:09] EDIT sss/views/default/complaint.html: 1
[2012-11-13 22:42:51] EDIT sss/views/default/complaint.html: 0
[2012-11-13 22:43:00] EDIT sss/views/default/complaint.html: 0
[2012-11-13 22:43:34] EDIT sss/views/default/complaint.html: 0
[2012-11-13 22:45:01] EDIT sss/views/default/complaint.html: 0
[2012-11-13 22:45:07] EDIT sss/views/default/complaint.html: 0
[2012-11-13 22:45:44] EDIT sss/views/default/complaint.html: 0
[2012-11-13 22:46:18] EDIT sss/views/default/complaint.html: 0
[2012-11-13 22:46:31] EDIT sss/views/default/complaint.html: 0
[2012-11-13 22:46:43] EDIT sss/views/default/complaint.html: 0
[2012-11-13 22:51:05] CREATE default/complaintu.html: 0
[2012-11-13 22:52:44] EDIT sss/views/default/regcomplaint.html: 111
[2012-11-13 22:54:07] EDIT sss/views/default/complaint.html: 0
[2012-11-13 22:54:23] EDIT sss/views/default/regcomplaint.html: -4
[2012-11-13 22:54:39] EDIT sss/views/default/complaint.html: 0
[2012-11-13 22:55:14] EDIT sss/views/default/complaint.html: 0
[2012-11-13 22:55:15] EDIT sss/views/default/regcomplaint.html: 0
[2012-11-13 22:55:37] EDIT sss/views/default/complaint.html: 0
[2012-11-13 22:57:14] EDIT sss/views/default/complaint.html: 0
[2012-11-13 22:57:57] EDIT sss/views/default/complaint.html: -1
[2012-11-13 22:58:15] EDIT sss/views/default/complaint.html: 1
[2012-11-13 22:58:25] EDIT sss/views/default/regcomplaint.html: 0
[2012-11-13 22:58:46] EDIT sss/views/default/regcomplaint.html: 0
[2012-11-13 23:00:29] EDIT sss/controllers/default.py: 26
[2012-11-13 23:00:38] EDIT sss/controllers/default.py: 0
[2012-11-13 23:00:53] EDIT sss/controllers/default.py: 0
[2012-11-13 23:01:00] EDIT sss/views/default/regcomplaint.html: 4
[2012-11-13 23:02:17] EDIT sss/views/default/regcomplaint.html: 1
[2012-11-13 23:08:34] EDIT sss/models/db.py: 0
[2012-11-13 23:14:32] EDIT sss/views/default/complaint.html: 0
[2012-11-13 23:16:17] EDIT sss/models/db.py: 0
[2012-11-13 23:17:30] EDIT sss/models/db.py: 0
[2012-11-13 23:17:53] EDIT sss/models/db.py: 0
[2012-11-13 23:18:22] EDIT sss/models/db.py: 0
[2012-11-13 23:19:18] EDIT sss/models/db.py: 0
[2012-11-13 23:19:51] EDIT sss/models/db.py: 0
[2012-11-13 23:20:13] EDIT sss/models/db.py: 0
[2012-11-13 23:20:23] EDIT sss/models/db.py: 0
[2012-11-13 23:21:10] EDIT sss/models/db.py: 0
[2012-11-13 23:21:49] EDIT sss/models/db.py: 0
[2012-11-13 23:22:19] EDIT sss/models/db.py: 0
[2012-11-13 23:22:32] EDIT sss/models/db.py: 0
[2012-11-13 23:31:06] EDIT sss/views/default/regcomplaint.html: 7
[2012-11-13 23:31:57] EDIT sss/views/default/regcomplaint.html: -2
[2012-11-13 23:32:36] EDIT sss/views/default/regcomplaint.html: 0
[2012-11-13 23:33:40] EDIT sss/views/default/regcomplaint.html: 0
[2012-11-13 23:34:03] EDIT sss/views/default/regcomplaint.html: 0
[2012-11-13 23:35:04] EDIT sss/views/default/regcomplaint.html: 0
[2012-11-13 23:35:41] EDIT sss/views/default/regcomplaint.html: 0
[2012-11-13 23:36:29] EDIT sss/views/default/regcomplaint.html: -1
[2012-11-13 23:37:06] EDIT sss/views/default/regcomplaint.html: 0
[2012-11-13 23:37:43] EDIT sss/views/default/regcomplaint.html: 0
[2012-11-13 23:38:33] EDIT sss/views/default/regcomplaint.html: 0
[2012-11-13 23:39:25] EDIT sss/views/default/regcomplaint.html: 0
[2012-11-13 23:40:37] EDIT sss/views/default/regcomplaint.html: -1
[2012-11-13 23:41:18] EDIT sss/views/default/regcomplaint.html: 1
[2012-11-13 23:41:39] EDIT sss/views/default/regcomplaint.html: 0
[2012-11-13 23:42:12] EDIT sss/views/default/regcomplaint.html: 0
[2012-11-13 23:42:55] EDIT sss/views/default/regcomplaint.html: 1
[2012-11-13 23:43:13] EDIT sss/views/default/regcomplaint.html: 0
[2012-11-13 23:44:01] EDIT sss/views/default/regcomplaint.html: 0
[2012-11-13 23:45:38] EDIT sss/views/default/regcomplaint.html: 0
[2012-11-13 23:45:54] EDIT sss/views/default/regcomplaint.html: 0
[2012-11-13 23:46:38] EDIT sss/views/default/regcomplaint.html: -1
[2012-11-13 23:46:52] EDIT sss/views/default/regcomplaint.html: 0
[2012-11-13 23:48:59] EDIT sss/views/default/regcomplaint.html: 0
[2012-11-13 23:50:08] EDIT sss/views/default/regcomplaint.html: 0
[2012-11-14 00:25:51] EDIT sss/controllers/default.py: 2
[2012-11-14 00:25:53] EDIT sss/controllers/default.py: 0
[2012-11-14 00:25:54] EDIT sss/controllers/default.py: 0
[2012-11-14 00:27:02] EDIT sss/controllers/default.py: 1
[2012-11-14 00:27:44] EDIT sss/controllers/default.py: 2
[2012-11-14 00:28:02] EDIT sss/controllers/default.py: 0
[2012-11-14 00:29:05] EDIT sss/controllers/default.py: 0
[2012-11-14 00:30:24] EDIT sss/controllers/default.py: -2
[2012-11-14 00:30:33] EDIT sss/views/default/regcomplaint.html: 2
[2012-11-14 00:31:33] EDIT sss/views/default/regcomplaint.html: 0
[2012-11-14 00:32:47] EDIT sss/views/default/regcomplaint.html: 0
[2012-11-14 00:33:39] EDIT sss/views/default/regcomplaint.html: 0
[2012-11-14 00:36:00] EDIT sss/views/default/regcomplaint.html: 0
[2012-11-14 00:36:01] EDIT sss/views/default/regcomplaint.html: 0
[2012-11-14 00:36:01] EDIT sss/views/default/regcomplaint.html: 0
[2012-11-14 00:36:02] EDIT sss/views/default/regcomplaint.html: 0
[2012-11-14 00:36:02] EDIT sss/views/default/regcomplaint.html: 0
[2012-11-14 00:38:01] EDIT sss/views/default/regcomplaint.html: 0
[2012-11-14 00:40:03] EDIT sss/controllers/default.py: -28
[2012-11-14 00:41:25] EDIT sss/views/default/regcomplaint.html: -10
[2012-11-14 00:42:20] EDIT sss/views/default/regcomplaint.html: 0
[2012-11-14 00:45:48] EDIT sss/controllers/default.py: 0
[2012-11-14 00:46:22] EDIT sss/views/default/regcomplaint.html: -1
[2012-11-14 00:47:39] EDIT sss/controllers/default.py: 0
[2012-11-14 00:48:59] EDIT sss/views/default/regcomplaint.html: 1
[2012-11-14 00:50:46] EDIT sss/controllers/default.py: 0
[2012-11-14 00:52:05] EDIT sss/controllers/default.py: 1
[2012-11-14 00:52:30] EDIT sss/controllers/default.py: -1
[2012-11-14 00:53:20] EDIT sss/controllers/default.py: 0
[2012-11-14 00:53:57] EDIT sss/controllers/default.py: 0
[2012-11-14 00:57:25] EDIT sss/views/web2py_ajax.html: 1
[2012-11-14 00:58:48] EDIT sss/views/default/student.html: 3
[2012-11-14 01:00:55] EDIT sss/views/default/student.html: 0
[2012-11-14 01:01:24] EDIT sss/views/default/student.html: -3
[2012-11-14 01:01:54] EDIT sss/views/default/student.html: 0
[2012-11-14 01:11:55] EDIT sss/controllers/default.py: 1
[2012-11-14 01:13:19] EDIT sss/controllers/default.py: 0
[2012-11-14 01:13:25] EDIT sss/controllers/default.py: 0
[2012-11-14 01:15:24] EDIT sss/controllers/default.py: 0
[2012-11-14 01:20:05] EDIT sss/controllers/default.py: 0
[2012-11-14 01:21:37] EDIT sss/controllers/default.py: 0
[2012-11-14 01:22:03] EDIT sss/controllers/default.py: 0
[2012-11-14 01:22:33] EDIT sss/controllers/default.py: 0
[2012-11-14 01:23:47] EDIT sss/controllers/default.py: 0
[2012-11-14 01:24:15] EDIT sss/controllers/default.py: 0
[2012-11-14 01:25:50] EDIT sss/controllers/default.py: 0
[2012-11-14 01:29:11] EDIT sss/controllers/default.py: 1
[2012-11-14 01:31:09] EDIT sss/controllers/default.py: 0
[2012-11-14 01:33:00] EDIT sss/controllers/default.py: 0
[2012-11-14 01:35:01] EDIT sss/controllers/default.py: 3
[2012-11-14 01:36:18] EDIT sss/controllers/default.py: 1
[2012-11-14 01:37:03] EDIT sss/controllers/default.py: 0
[2012-11-14 01:38:46] EDIT sss/controllers/default.py: 1
[2012-11-14 01:40:23] EDIT sss/controllers/default.py: 1
[2012-11-14 01:40:36] EDIT sss/controllers/default.py: 0
[2012-11-14 01:41:45] EDIT sss/controllers/default.py: -1
[2012-11-14 01:42:43] EDIT sss/controllers/default.py: 0
[2012-11-14 01:43:10] EDIT sss/controllers/default.py: -2
[2012-11-14 01:51:18] EDIT sss/models/menu.py: 2
[2012-11-14 03:25:44] EDIT sss/views/default/student.html: -179
[2012-11-14 03:26:40] EDIT sss/views/default/student.html: 1
[2012-11-14 03:27:20] EDIT sss/views/default/student.html: 0
[2012-11-14 03:28:19] EDIT sss/views/default/student.html: 0
[2012-11-14 03:28:26] EDIT sss/views/default/student.html: -1
[2012-11-14 03:28:35] EDIT sss/views/default/student.html: 1
[2012-11-14 03:31:17] EDIT sss/views/default/student.html: 0
[2012-11-14 03:31:29] EDIT sss/views/default/student.html: 0
[2012-11-14 03:42:00] EDIT sss/models/db.py: 4
[2012-11-14 03:42:01] EDIT sss/models/db.py: 0
[2012-11-14 03:42:02] EDIT sss/models/db.py: 0
[2012-11-14 03:46:30] EDIT sss/models/db.py: 1
[2012-11-14 03:50:02] EDIT sss/models/db.py: 0
[2012-11-14 03:56:43] EDIT sss/controllers/default.py: 6
[2012-11-14 03:57:27] EDIT sss/controllers/default.py: 0
[2012-11-14 04:12:55] EDIT sss/models/db.py: 4
[2012-11-14 04:14:39] EDIT sss/models/db.py: 0
[2012-11-14 04:16:44] EDIT sss/controllers/default.py: 7
[2012-11-14 04:17:41] EDIT sss/models/db.py: 0
[2012-11-14 04:17:44] EDIT sss/controllers/default.py: 0
[2012-11-14 04:17:58] EDIT sss/models/db.py: 0
[2012-11-14 04:18:02] EDIT sss/controllers/default.py: 0
[2012-11-14 04:19:06] EDIT sss/controllers/default.py: 0
[2012-11-14 04:23:35] EDIT sss/controllers/default.py: 2
[2012-11-14 04:25:44] EDIT sss/controllers/default.py: 2
[2012-11-14 04:34:13] EDIT sss/controllers/default.py: 0
[2012-11-14 04:34:34] EDIT sss/controllers/default.py: 0
[2012-11-14 04:35:02] EDIT sss/controllers/default.py: 0
[2012-11-14 04:35:14] EDIT sss/controllers/default.py: 0
[2012-11-14 04:35:44] EDIT sss/controllers/default.py: 0
[2012-11-14 04:37:48] EDIT sss/controllers/default.py: 0
[2012-11-14 04:39:32] EDIT sss/controllers/default.py: 0
[2012-11-14 04:40:14] CREATE default/vmedical.html: 0
[2012-11-14 04:40:21] EDIT sss/views/default/vmedical.html: 0
[2012-11-14 04:40:49] EDIT sss/views/default/vmedical.html: 0
[2012-11-14 04:41:09] EDIT sss/views/default/vmedical.html: -2
[2012-11-14 04:47:28] EDIT sss/views/default/vmedical.html: 35
[2012-11-14 04:48:39] EDIT sss/controllers/default.py: 10
[2012-11-14 04:49:20] EDIT sss/controllers/default.py: 0
[2012-11-14 04:49:59] EDIT sss/controllers/default.py: 0
[2012-11-14 04:50:20] EDIT sss/controllers/default.py: 0
[2012-11-14 04:51:08] EDIT sss/models/db.py: 0
[2012-11-14 04:51:27] EDIT sss/controllers/default.py: 0
[2012-11-14 04:53:42] EDIT sss/models/db.py: 0
[2012-11-14 04:54:37] EDIT sss/views/default/vcomplaint.html: 2
[2012-11-14 04:55:20] EDIT sss/views/default/vcomplaint.html: 0
[2012-11-14 05:02:59] EDIT sss/models/menu.py: 0
[2012-11-14 05:03:31] EDIT sss/views/default/staff.html: 0
[2012-11-14 05:05:02] EDIT sss/models/menu.py: 1
[2012-11-14 05:05:15] EDIT sss/models/menu.py: 0
[2012-11-14 05:05:40] EDIT sss/views/default/staff.html: -5
[2012-11-14 05:09:19] EDIT sss/views/default/staff.html: -103
[2012-11-14 05:09:46] EDIT sss/views/default/staff.html: 1
[2012-11-14 05:10:06] EDIT sss/views/default/staff.html: 0
[2012-11-14 05:11:01] EDIT sss/views/default/staff.html: 0
[2012-11-14 05:11:40] EDIT sss/views/default/staff.html: 0
[2012-11-14 05:12:11] EDIT sss/views/default/staff.html: 0
[2012-11-14 05:14:32] EDIT sss/views/default/staff.html: 3
[2012-11-14 05:15:40] EDIT sss/views/default/staff.html: -2
[2012-11-14 05:16:38] EDIT sss/views/default/staff.html: 0
[2012-11-14 05:16:54] EDIT sss/views/default/staff.html: 0
[2012-11-14 05:17:43] EDIT sss/views/default/staff.html: 1
[2012-11-14 05:18:12] EDIT sss/views/default/staff.html: 1
[2012-11-14 05:18:46] EDIT sss/views/default/staff.html: 0
[2012-11-14 05:18:57] EDIT sss/views/default/staff.html: 0
[2012-11-14 05:20:28] EDIT sss/views/default/staff.html: -2
[2012-11-14 05:21:02] EDIT sss/views/default/staff.html: 0
[2012-11-14 05:21:23] EDIT sss/views/default/staff.html: 0
[2012-11-14 05:22:21] EDIT sss/views/default/staff.html: 0
[2012-11-14 05:22:54] EDIT sss/views/newlayout.html: 0
[2012-11-14 05:23:03] EDIT sss/views/newlayout.html: 0
[2012-11-14 05:23:18] EDIT sss/views/newlayout.html: 0
[2012-11-14 05:23:25] EDIT sss/views/default/staff.html: 0
[2012-11-14 05:23:38] EDIT sss/views/newlayout.html: 0
[2012-11-14 05:23:41] EDIT sss/views/default/staff.html: 0
[2012-11-14 05:25:38] EDIT sss/views/default/staff.html: 0
[2012-11-14 05:27:03] EDIT sss/views/default/staff.html: 1
[2012-11-14 05:27:47] EDIT sss/views/default/staff.html: -1
[2012-11-14 05:27:57] EDIT sss/views/default/staff.html: 0
[2012-11-14 05:32:03] EDIT sss/views/newlayout.html: 0
[2012-11-14 05:41:36] CREATE default/medreq.html: 0
[2012-11-14 05:48:54] EDIT sss/views/default/medreq.html: 11
[2012-11-14 05:50:30] EDIT sss/views/default/medreq.html: 0
[2012-11-14 05:50:42] EDIT sss/views/default/medreq.html: 2
[2012-11-14 05:51:35] EDIT sss/controllers/default.py: 0
[2012-11-14 05:52:33] EDIT sss/controllers/default.py: 1
[2012-11-14 05:55:22] EDIT sss/controllers/default.py: -1
[2012-11-14 11:39:40] EDIT sss/controllers/default.py: -1
[2012-11-14 11:50:20] EDIT sss/views/default/byroll.html: 0
[2012-11-14 11:54:21] EDIT sss/views/default/byroll.html: 9
[2012-11-14 11:58:35] EDIT sss/views/default/medreq.html: -14
[2012-11-14 12:05:28] EDIT sss/controllers/default.py: 8
[2012-11-14 12:05:40] EDIT sss/views/default/byroll.html: 1
[2012-11-14 12:06:00] EDIT sss/controllers/default.py: -2
[2012-11-14 12:06:33] EDIT sss/controllers/default.py: 0
[2012-11-14 12:06:52] EDIT sss/controllers/default.py: 0
[2012-11-14 12:13:24] EDIT sss/controllers/default.py: 3
[2012-11-14 12:15:51] EDIT sss/controllers/default.py: 0
[2012-11-14 12:21:27] EDIT sss/controllers/default.py: 0
[2012-11-14 12:21:47] EDIT sss/views/default/byroll.html: 0
[2012-11-14 12:23:12] EDIT sss/views/default/byroll.html: 0
[2012-11-14 12:23:37] EDIT sss/views/default/byroll.html: 0
[2012-11-14 12:26:12] EDIT sss/views/default/byroll.html: 3
[2012-11-14 12:26:35] EDIT sss/views/default/byroll.html: 0
[2012-11-14 12:27:08] EDIT sss/views/default/byroll.html: 0
[2012-11-14 12:28:07] EDIT sss/views/default/byroll.html: 0
[2012-11-14 12:28:19] EDIT sss/views/default/byroll.html: 0
[2012-11-14 12:29:22] EDIT sss/views/default/byroll.html: 1
[2012-11-14 12:29:41] EDIT sss/views/default/byroll.html: 0
[2012-11-14 12:30:12] EDIT sss/views/default/byroll.html: 0
[2012-11-14 12:33:45] EDIT sss/controllers/default.py: 0
[2012-11-14 12:34:02] EDIT sss/views/default/byroll.html: 27
[2012-11-14 12:36:22] EDIT sss/views/default/byroll.html: 1
[2012-11-14 12:36:43] EDIT sss/views/default/byroll.html: 0
[2012-11-14 12:36:50] EDIT sss/views/default/byroll.html: 0
[2012-11-14 12:38:54] EDIT sss/views/default/byroll.html: 0
[2012-11-14 12:41:29] EDIT sss/controllers/default.py: 0
[2012-11-14 12:42:22] EDIT sss/controllers/default.py: 0
[2012-11-14 12:45:13] EDIT sss/controllers/default.py: 0
[2012-11-14 12:47:02] EDIT sss/views/default/medreq.html: 0
[2012-11-14 12:48:41] EDIT sss/controllers/default.py: 1
[2012-11-14 12:49:56] EDIT sss/views/default/medreq.html: 1
[2012-11-14 12:50:04] EDIT sss/views/default/medreq.html: 0
[2012-11-14 12:50:34] EDIT sss/controllers/default.py: 1
[2012-11-14 12:51:39] EDIT sss/controllers/default.py: -1
[2012-11-14 12:51:57] EDIT sss/views/default/medreq.html: -1
[2012-11-14 12:51:57] EDIT sss/views/default/medreq.html: 0
[2012-11-14 12:59:29] EDIT sss/models/menu.py: 1
[2012-11-14 12:59:56] EDIT sss/models/menu.py: 0
[2012-11-14 13:02:53] EDIT sss/views/default/byroll.html: 1
[2012-11-14 13:04:34] EDIT sss/views/default/byroll.html: 0
[2012-11-14 13:05:10] EDIT sss/views/default/byroll.html: 1
[2012-11-14 13:05:25] EDIT sss/views/default/byroll.html: 1
[2012-11-14 13:11:11] EDIT sss/views/default/student.html: 0
[2012-11-14 13:11:14] EDIT sss/views/default/student.html: 0
[2012-11-14 13:13:45] EDIT sss/views/default/student.html: 0
[2012-11-14 13:14:10] EDIT sss/views/default/student.html: 0
[2012-11-14 13:14:46] EDIT sss/views/default/student.html: 0
[2012-11-14 13:14:59] EDIT sss/views/default/student.html: 0
[2012-11-14 13:15:20] EDIT sss/views/default/student.html: 0
[2012-11-14 13:17:29] EDIT sss/views/default/student.html: 0
[2012-11-14 13:18:03] EDIT sss/views/default/student.html: 0
[2012-11-14 13:18:13] EDIT sss/controllers/default.py: 0
[2012-11-14 13:18:17] EDIT sss/views/default/student.html: 0
[2012-11-14 13:20:10] EDIT sss/controllers/default.py: 0
[2012-11-14 13:21:18] EDIT sss/views/default/student.html: 0
[2012-11-14 13:24:28] EDIT sss/views/default/student.html: 0
[2012-11-14 13:42:55] EDIT sss/views/default/medreq.html: 7
[2012-11-14 13:44:05] EDIT sss/views/default/medreq.html: -7
[2012-11-14 13:44:51] CREATE default/medreq.csv: 0
[2012-11-14 13:44:56] EDIT sss/views/default/medreq.csv: 7
[2012-11-14 13:44:57] EDIT sss/views/default/medreq.csv: 0
[2012-11-14 13:44:58] EDIT sss/views/default/medreq.csv: 0
[2012-11-14 13:53:42] EDIT sss/views/default/medreq.csv: 0
[2012-11-14 13:53:43] EDIT sss/views/default/medreq.csv: 0
[2012-11-14 13:53:43] EDIT sss/views/default/medreq.csv: 0
[2012-11-14 13:53:44] EDIT sss/views/default/medreq.csv: 0
[2012-11-14 13:53:45] EDIT sss/views/default/medreq.csv: 0
[2012-11-14 13:53:46] EDIT sss/views/default/medreq.csv: 0
[2012-11-14 13:54:31] CREATE default/vcomplaint.csv: 0
[2012-11-14 13:54:40] EDIT sss/views/default/vcomplaint.csv: 7
[2012-11-14 13:54:57] EDIT sss/views/default/vcomplaint.csv: 0
[2012-11-14 13:56:30] EDIT sss/views/default/vcomplaint.csv: 0
[2012-11-14 13:56:31] EDIT sss/views/default/vcomplaint.csv: 0
[2012-11-14 13:56:38] EDIT sss/views/default/vcomplaint.csv: 0
[2012-11-14 13:56:48] EDIT sss/views/default/vcomplaint.csv: 0
[2012-11-14 14:02:46] CREATE generic.csv: 0
[2012-11-14 14:03:05] DELETE sss/views/default/medreq.csv: -7
[2012-11-14 14:03:29] EDIT sss/views/generic.csv: 7
[2012-11-14 14:09:48] EDIT sss/views/default/searchbyroll.html: -2
[2012-11-14 14:55:52] EDIT sss/views/newlayout.html: -2
[2012-11-14 14:57:00] EDIT sss/views/newlayout.html: 0
[2012-11-14 14:57:52] EDIT sss/views/default/student.html: -1
[2012-11-14 14:58:28] EDIT sss/views/default/student.html: 1
[2012-11-14 14:58:37] EDIT sss/views/default/student.html: -3
[2012-11-14 14:58:45] EDIT sss/views/default/student.html: -2
[2012-11-14 15:02:35] EDIT sss/models/menu.py: 0
[2012-11-14 15:23:09] EDIT sss/controllers/default.py: 0
[2012-11-14 15:48:04] EDIT sss/controllers/default.py: 0
[2012-11-14 15:58:46] EDIT sss/models/menu.py: 0
[2012-11-14 15:59:25] EDIT sss/models/menu.py: 0
[2012-11-14 16:33:27] EDIT sss/views/default/student.html: 2
[2012-11-14 16:34:58] EDIT sss/views/default/student.html: 1
[2012-11-14 16:35:12] EDIT sss/views/default/student.html: -1
[2012-11-14 16:36:28] EDIT sss/views/default/student.html: 0
[2012-11-14 16:37:46] EDIT sss/views/default/student.html: 0
[2012-11-14 16:37:49] EDIT sss/views/default/student.html: 2
[2012-11-14 16:38:14] EDIT sss/views/default/student.html: -4
[2012-11-14 16:40:04] EDIT sss/views/default/student.html: 1
[2012-11-14 16:41:01] EDIT sss/views/default/student.html: 0
[2012-11-14 16:41:32] EDIT sss/views/default/student.html: 1
[2012-11-14 16:41:47] EDIT sss/views/default/student.html: -1
[2012-11-14 16:48:22] EDIT sss/controllers/default.py: 1
[2012-11-14 16:57:18] EDIT sss/controllers/default.py: 0
[2012-11-14 19:19:26] EDIT sss/controllers/default.py: 4
[2012-11-14 19:19:39] EDIT sss/views/default/staff.html: 1
[2012-11-14 19:20:00] EDIT sss/views/default/staff.html: 1
[2012-11-14 19:20:08] EDIT sss/views/default/staff.html: 1
[2012-11-14 19:20:20] EDIT sss/views/default/staff.html: 0
[2012-11-14 20:48:25] EDIT sss/controllers/default.py: 0
[2012-11-14 20:54:45] EDIT sss/models/db.py: 7
[2012-11-14 20:55:46] EDIT sss/views/default/staff.html: 0
[2012-11-14 20:57:21] EDIT sss/controllers/default.py: 4
[2012-11-14 20:57:32] EDIT sss/views/default/staff.html: 2
[2012-11-14 20:57:57] EDIT sss/models/db.py: 0
[2012-11-14 20:58:47] EDIT sss/views/default/staff.html: 1
[2012-11-14 20:59:33] EDIT sss/views/default/staff.html: 0
[2012-11-14 21:00:27] EDIT sss/views/default/staff.html: 6
[2012-11-14 21:00:49] EDIT sss/views/default/staff.html: 0
[2012-11-14 21:01:19] EDIT sss/views/default/staff.html: 0
[2012-11-14 21:01:28] EDIT sss/views/default/staff.html: 0
[2012-11-14 21:07:29] EDIT sss/controllers/default.py: 0
[2012-11-14 21:09:34] CREATE default/enter_laptop_details.html: 0
[2012-11-14 21:12:19] EDIT sss/views/default/enter_laptop_details.html: 3
[2012-11-14 21:12:57] EDIT sss/views/default/enter_laptop_details.html: 3
[2012-11-14 21:19:15] EDIT sss/views/default/enter_laptop_details.html: 5
[2012-11-14 21:19:30] EDIT sss/views/default/enter_laptop_details.html: 1
[2012-11-14 21:19:50] EDIT sss/views/default/enter_laptop_details.html: 0
[2012-11-14 21:20:02] EDIT sss/views/default/enter_laptop_details.html: -1
[2012-11-14 21:20:47] EDIT sss/views/default/enter_laptop_details.html: 0
[2012-11-14 21:22:37] EDIT sss/views/default/enter_laptop_details.html: 0
[2012-11-14 21:22:49] EDIT sss/views/default/enter_laptop_details.html: 0
[2012-11-14 21:24:42] EDIT sss/controllers/default.py: 3
[2012-11-14 21:25:24] EDIT sss/controllers/default.py: 0
[2012-11-14 22:10:06] EDIT sss/views/default/enter_laptop_details.html: 17
[2012-11-14 22:10:35] EDIT sss/views/default/enter_laptop_details.html: 0
[2012-11-14 22:10:51] EDIT sss/views/default/enter_laptop_details.html: 0
[2012-11-14 22:10:56] EDIT sss/views/default/enter_laptop_details.html: 0
[2012-11-14 22:12:05] EDIT sss/views/default/enter_laptop_details.html: 0
[2012-11-14 22:13:42] EDIT sss/controllers/default.py: 0
[2012-11-14 22:14:09] EDIT sss/views/default/enter_laptop_details.html: 2
[2012-11-14 22:14:26] EDIT sss/views/default/enter_laptop_details.html: 0
[2012-11-14 22:15:26] EDIT sss/views/default/enter_laptop_details.html: 1
[2012-11-14 22:15:58] EDIT sss/views/default/enter_laptop_details.html: 0
[2012-11-14 22:16:12] EDIT sss/views/default/enter_laptop_details.html: 0
[2012-11-14 22:17:17] EDIT sss/views/default/enter_laptop_details.html: 0
[2012-11-14 22:17:52] EDIT sss/views/default/enter_laptop_details.html: -1
[2012-11-14 22:18:18] EDIT sss/views/default/enter_laptop_details.html: 0
[2012-11-14 22:20:28] EDIT sss/views/default/enter_laptop_details.html: 0
[2012-11-14 22:21:00] EDIT sss/views/default/enter_laptop_details.html: 0
[2012-11-14 22:21:17] EDIT sss/views/default/enter_laptop_details.html: 0
[2012-11-14 22:21:32] EDIT sss/views/default/enter_laptop_details.html: 0
[2012-11-14 22:23:44] EDIT sss/views/default/enter_laptop_details.html: 1
[2012-11-14 22:23:56] EDIT sss/views/default/enter_laptop_details.html: 1
[2012-11-14 22:24:11] EDIT sss/views/default/enter_laptop_details.html: 0
[2012-11-14 22:25:07] EDIT sss/views/default/enter_laptop_details.html: 0
[2012-11-14 22:26:43] EDIT sss/controllers/default.py: 2
[2012-11-14 22:28:30] EDIT sss/views/default/enter_laptop_details.html: 0
[2012-11-14 22:33:18] EDIT sss/views/default/enter_laptop_details.html: 0
[2012-11-14 22:33:21] EDIT sss/controllers/default.py: 0
[2012-11-14 22:33:53] EDIT sss/controllers/default.py: 0
[2012-11-14 22:34:14] EDIT sss/controllers/default.py: 0
[2012-11-14 22:36:09] EDIT sss/views/default/enter_laptop_details.html: 0
[2012-11-14 22:37:23] EDIT sss/views/default/enter_laptop_details.html: 0
[2012-11-14 22:39:01] EDIT sss/views/default/enter_laptop_details.html: 0
[2012-11-14 22:39:20] EDIT sss/controllers/default.py: 0
[2012-11-14 22:41:17] EDIT sss/controllers/default.py: 1
[2012-11-14 22:42:58] EDIT sss/controllers/default.py: 0
[2012-11-14 22:45:17] EDIT sss/controllers/default.py: 0
[2012-11-14 22:47:28] EDIT sss/controllers/default.py: 0
[2012-11-14 22:48:05] EDIT sss/views/default/enter_laptop_details.html: 0
[2012-11-14 22:48:35] EDIT sss/controllers/default.py: 0
[2012-11-14 22:48:59] EDIT sss/views/default/enter_laptop_details.html: 0
[2012-11-14 22:53:27] EDIT sss/controllers/default.py: 0
[2012-11-14 22:53:58] EDIT sss/controllers/default.py: 0
[2012-11-14 22:54:22] EDIT sss/controllers/default.py: 0
[2012-11-14 22:56:12] EDIT sss/views/default/enter_laptop_details.html: 0
[2012-11-14 22:56:13] EDIT sss/views/default/enter_laptop_details.html: 0
[2012-11-14 22:56:14] EDIT sss/views/default/enter_laptop_details.html: 0
[2012-11-14 22:56:36] EDIT sss/controllers/default.py: 0
[2012-11-14 22:57:12] EDIT sss/controllers/default.py: 0
[2012-11-14 22:58:44] EDIT sss/views/default/staff.html: 0
[2012-11-14 22:59:11] EDIT sss/views/default/staff.html: 0
[2012-11-14 22:59:34] EDIT sss/views/default/staff.html: 0
[2012-11-14 23:01:46] CREATE default/show_laptop_details.html: 0
[2012-11-14 23:03:18] EDIT sss/views/default/show_laptop_details.html: 4
[2012-11-14 23:03:19] EDIT sss/views/default/show_laptop_details.html: 0
[2012-11-14 23:10:35] EDIT sss/models/menu.py: 0
[2012-11-14 23:12:28] EDIT sss/models/menu.py: 1
[2012-11-14 23:16:53] EDIT sss/models/menu.py: -1
[2012-11-14 23:17:27] EDIT sss/models/menu.py: 0
[2012-11-14 23:19:03] EDIT sss/models/menu.py: 0
[2012-11-14 23:23:13] EDIT sss/controllers/default.py: 6
[2012-11-14 23:23:34] EDIT sss/controllers/default.py: 0
[2012-11-14 23:23:44] EDIT sss/controllers/default.py: 0
[2012-11-14 23:25:09] EDIT sss/controllers/default.py: 0
[2012-11-14 23:25:32] EDIT sss/controllers/default.py: 0
[2012-11-14 23:25:35] EDIT sss/controllers/default.py: 0
[2012-11-14 23:31:29] EDIT sss/controllers/default.py: 0
[2012-11-14 23:33:31] EDIT sss/controllers/default.py: 0
[2012-11-14 23:34:18] EDIT sss/controllers/default.py: 0
[2012-11-14 23:34:52] EDIT sss/controllers/default.py: 0
[2012-11-14 23:35:54] EDIT sss/controllers/default.py: 0
[2012-11-14 23:36:08] EDIT sss/controllers/default.py: 0
[2012-11-14 23:36:30] EDIT sss/controllers/default.py: 0
[2012-11-14 23:36:43] EDIT sss/controllers/default.py: 0
[2012-11-14 23:38:05] CREATE default/view_laptop_out_details.html: 0
[2012-11-14 23:43:34] EDIT sss/views/default/view_laptop_out_details.html: 4
[2012-11-14 23:46:17] EDIT sss/controllers/default.py: 0
[2012-11-14 23:51:13] EDIT sss/views/default/view_laptop_out_details.html: 0
[2012-11-14 23:52:04] EDIT sss/views/default/view_laptop_out_details.html: 0
[2012-11-14 23:52:19] EDIT sss/views/default/view_laptop_out_details.html: 0
[2012-11-14 23:52:42] EDIT sss/views/default/view_laptop_out_details.html: 0
[2012-11-14 23:54:23] EDIT sss/views/default/view_laptop_out_details.html: 0
[2012-11-14 23:54:33] EDIT sss/views/default/view_laptop_out_details.html: 0
[2012-11-14 23:55:04] EDIT sss/views/default/view_laptop_out_details.html: 0
[2012-11-14 23:56:24] EDIT sss/views/default/view_laptop_out_details.html: 1
[2012-11-14 23:57:06] EDIT sss/views/default/view_laptop_out_details.html: 0
[2012-11-14 23:59:16] EDIT sss/views/default/view_laptop_out_details.html: 0
[2012-11-14 23:59:40] EDIT sss/views/default/view_laptop_out_details.html: 0
[2012-11-15 00:00:14] EDIT sss/views/default/view_laptop_out_details.html: -1
[2012-11-15 00:00:27] EDIT sss/views/default/view_laptop_out_details.html: 0
[2012-11-15 00:01:35] EDIT sss/views/default/view_laptop_out_details.html: 0
[2012-11-15 00:01:58] EDIT sss/views/default/view_laptop_out_details.html: 0
[2012-11-15 00:03:10] EDIT sss/views/default/view_laptop_out_details.html: 0
[2012-11-15 00:03:26] EDIT sss/views/default/view_laptop_out_details.html: 0
[2012-11-15 00:04:17] EDIT sss/views/default/view_laptop_out_details.html: 0
[2012-11-15 00:24:30] EDIT sss/views/default/view_laptop_out_details.html: 0
[2012-11-15 00:31:44] EDIT sss/views/default/view_laptop_out_details.html: 2
[2012-11-15 00:32:10] EDIT sss/controllers/default.py: 0
[2012-11-15 00:32:30] EDIT sss/views/default/view_laptop_out_details.html: 1
[2012-11-15 00:32:41] EDIT sss/views/default/view_laptop_out_details.html: 0
[2012-11-15 00:32:56] EDIT sss/views/default/view_laptop_out_details.html: 0
[2012-11-15 00:33:04] EDIT sss/views/default/view_laptop_out_details.html: 0
[2012-11-15 00:33:13] EDIT sss/views/default/view_laptop_out_details.html: 0
[2012-11-15 00:33:17] EDIT sss/views/default/view_laptop_out_details.html: 0
[2012-11-15 00:33:25] EDIT sss/views/default/view_laptop_out_details.html: 0
[2012-11-15 00:33:33] EDIT sss/views/default/view_laptop_out_details.html: 0
[2012-11-15 00:33:38] EDIT sss/views/default/view_laptop_out_details.html: 0
[2012-11-15 00:33:48] EDIT sss/views/default/view_laptop_out_details.html: 0
[2012-11-15 00:34:01] EDIT sss/views/default/view_laptop_out_details.html: 0
[2012-11-15 00:35:40] EDIT sss/views/default/view_laptop_out_details.html: 0
[2012-11-15 00:36:02] EDIT sss/controllers/default.py: 0
[2012-11-15 00:39:58] EDIT sss/controllers/default.py: 6
[2012-11-15 00:40:00] EDIT sss/controllers/default.py: 0
[2012-11-15 00:40:01] EDIT sss/controllers/default.py: 0
[2012-11-15 00:40:01] EDIT sss/controllers/default.py: 0
[2012-11-15 00:40:28] CREATE default/view_student_out_details.html: 0
[2012-11-15 00:40:32] EDIT sss/views/default/view_student_out_details.html: 7
[2012-11-15 00:47:57] EDIT sss/views/default/staff.html: 3
[2012-11-15 00:48:57] EDIT sss/views/default/staff.html: 0
[2012-11-15 00:49:10] EDIT sss/views/default/staff.html: 0
[2012-11-15 00:49:21] EDIT sss/views/default/staff.html: 0
[2012-11-15 00:51:30] CREATE default/student_out_details.html: 0
[2012-11-15 00:51:47] EDIT sss/views/default/student_out_details.html: 2
[2012-11-15 00:52:00] EDIT sss/views/default/student_out_details.html: 0
[2012-11-15 00:52:09] EDIT sss/views/default/student_out_details.html: 0
[2012-11-15 00:52:26] EDIT sss/views/default/student_out_details.html: 0
[2012-11-15 00:52:43] EDIT sss/views/default/student_out_details.html: 0
[2012-11-15 00:53:08] EDIT sss/views/default/student_out_details.html: -2
[2012-11-15 00:53:26] EDIT sss/views/default/student_out_details.html: 2
[2012-11-15 00:53:42] EDIT sss/views/default/student_out_details.html: 0
[2012-11-15 00:53:49] EDIT sss/views/default/student_out_details.html: 0
[2012-11-15 00:53:59] EDIT sss/views/default/student_out_details.html: 0
[2012-11-15 00:54:29] EDIT sss/views/default/student_out_details.html: 0
[2012-11-15 00:54:31] EDIT sss/views/default/student_out_details.html: 0
[2012-11-15 00:54:51] EDIT sss/views/default/student_out_details.html: 0
[2012-11-15 00:54:57] EDIT sss/views/default/student_out_details.html: 0
[2012-11-15 00:55:41] EDIT sss/views/default/student_out_details.html: 0
[2012-11-15 00:56:01] EDIT sss/views/default/student_out_details.html: 0
[2012-11-15 00:56:17] EDIT sss/views/default/student_out_details.html: 0
[2012-11-15 00:56:25] EDIT sss/views/default/student_out_details.html: 0
[2012-11-15 00:56:53] EDIT sss/views/default/student_out_details.html: 1
[2012-11-15 00:57:05] EDIT sss/views/default/student_out_details.html: 0
[2012-11-15 00:57:13] EDIT sss/views/default/student_out_details.html: 0
[2012-11-15 00:57:17] EDIT sss/views/default/student_out_details.html: 0
[2012-11-15 01:03:49] EDIT sss/views/newlayout.html: -1
[2012-11-15 01:08:31] EDIT sss/views/default/view_laptop_out_details.html: 0
[2012-11-15 01:08:51] EDIT sss/views/default/view_laptop_out_details.html: 0
[2012-11-15 01:09:22] EDIT sss/views/default/view_laptop_out_details.html: 0
[2012-11-15 01:11:06] EDIT sss/views/default/view_student_out_details.html: 0
[2012-11-15 01:12:19] EDIT sss/views/default/view_student_out_details.html: 0
[2012-11-15 01:17:52] EDIT sss/views/default/view_student_out_details.html: 8
[2012-11-15 01:18:18] EDIT sss/views/default/view_student_out_details.html: 0
[2012-11-15 01:26:44] EDIT sss/views/generic.csv: 0
[2012-11-15 02:03:48] EDIT sss/controllers/default.py: 6
[2012-11-15 02:04:00] EDIT sss/controllers/default.py: 0
[2012-11-15 02:04:25] EDIT sss/controllers/default.py: 0
[2012-11-15 02:06:53] EDIT sss/controllers/default.py: 0
[2012-11-15 02:08:44] EDIT sss/controllers/default.py: 1
[2012-11-15 02:11:58] EDIT sss/controllers/default.py: 3
[2012-11-15 02:15:11] EDIT sss/controllers/default.py: 0
[2012-11-15 02:15:24] EDIT sss/controllers/default.py: 0
[2012-11-15 03:10:29] EDIT sss/controllers/default.py: 22
[2012-11-15 03:11:00] EDIT sss/views/default/vcomplaint.html: 8
[2012-11-15 03:22:15] EDIT sss/controllers/default.py: 62
[2012-11-15 03:27:12] EDIT sss/controllers/default.py: 10
[2012-11-15 03:27:36] EDIT sss/controllers/default.py: 1
[2012-11-15 03:29:46] EDIT sss/controllers/default.py: 0
[2012-11-15 03:32:10] EDIT sss/controllers/default.py: 0
[2012-11-15 03:34:04] EDIT sss/controllers/default.py: 0
[2012-11-15 03:36:24] EDIT sss/controllers/default.py: 0
[2012-11-15 03:36:48] EDIT sss/controllers/default.py: 0
[2012-11-15 03:37:36] EDIT sss/controllers/default.py: 0
[2012-11-15 03:38:07] EDIT sss/controllers/default.py: 0
[2012-11-15 03:39:19] EDIT sss/controllers/default.py: 0
[2012-11-15 03:39:37] EDIT sss/controllers/default.py: 0
[2012-11-15 03:55:06] CREATE default/staff_vcomplaint.html: 0
[2012-11-15 03:55:13] EDIT sss/views/default/staff_vcomplaint.html: 73
[2012-11-15 03:55:24] EDIT sss/views/default/staff_vcomplaint.html: 0
[2012-11-15 03:55:27] EDIT sss/controllers/default.py: 28
[2012-11-15 03:56:53] EDIT sss/views/default/vcomplaint.html: 16
[2012-11-15 03:57:28] EDIT sss/views/default/staff_vcomplaint.html: 0
[2012-11-15 03:57:31] EDIT sss/views/default/vcomplaint.html: 0
[2012-11-15 03:58:14] CREATE default/staff_vcomplaint.csv: 0
[2012-11-15 03:58:23] EDIT sss/views/default/staff_vcomplaint.csv: 0
[2012-11-15 03:58:24] EDIT sss/views/default/staff_vcomplaint.csv: 0
[2012-11-15 03:58:30] EDIT sss/views/default/vcomplaint.html: 0
[2012-11-15 04:00:53] EDIT sss/views/default/staff_vcomplaint.html: 0
[2012-11-15 04:00:55] EDIT sss/views/default/staff_vcomplaint.html: 0
[2012-11-15 04:03:07] EDIT sss/controllers/default.py: 0
[2012-11-15 04:06:28] EDIT sss/controllers/default.py: 0
[2012-11-15 04:06:32] EDIT sss/controllers/default.py: 0
[2012-11-15 04:07:17] EDIT sss/controllers/default.py: 0
[2012-11-15 04:10:11] EDIT sss/views/default/vcomplaint.html: -10
[2012-11-15 04:17:41] EDIT sss/controllers/default.py: 87
[2012-11-15 04:49:13] EDIT sss/views/default/show_laptop_details.html: 3
[2012-11-15 04:49:25] EDIT sss/controllers/default.py: 0
[2012-11-15 04:51:37] EDIT sss/views/default/show_laptop_details.html: 0
[2012-11-15 04:55:00] EDIT sss/views/default/show_laptop_details.html: 1
[2012-11-15 04:55:53] EDIT sss/views/default/show_laptop_details.html: 0
[2012-11-15 04:56:11] EDIT sss/views/default/show_laptop_details.html: 0
[2012-11-15 04:56:55] EDIT sss/views/default/show_laptop_details.html: 0
[2012-11-15 04:57:26] EDIT sss/views/default/show_laptop_details.html: 0
[2012-11-15 04:57:50] EDIT sss/views/default/show_laptop_details.html: 0
[2012-11-15 04:58:24] EDIT sss/views/default/show_laptop_details.html: 1
[2012-11-15 04:58:33] EDIT sss/views/default/show_laptop_details.html: 0
[2012-11-15 04:58:51] EDIT sss/views/default/show_laptop_details.html: 0
[2012-11-15 05:00:00] EDIT sss/views/default/show_laptop_details.html: -1
[2012-11-15 05:00:11] EDIT sss/views/default/show_laptop_details.html: 0
[2012-11-15 05:00:41] EDIT sss/views/default/show_laptop_details.html: 0
[2012-11-15 05:01:01] EDIT sss/views/default/show_laptop_details.html: 0
[2012-11-15 05:01:28] EDIT sss/views/default/show_laptop_details.html: 0
[2012-11-15 05:02:13] EDIT sss/views/default/show_laptop_details.html: 0
[2012-11-15 05:02:15] EDIT sss/views/default/show_laptop_details.html: 0
[2012-11-15 05:02:25] EDIT sss/views/default/show_laptop_details.html: 0
[2012-11-15 05:02:55] EDIT sss/views/default/show_laptop_details.html: 0
[2012-11-15 05:04:18] EDIT sss/views/default/show_laptop_details.html: 2
[2012-11-15 05:04:50] EDIT sss/views/default/show_laptop_details.html: -1
[2012-11-15 05:05:22] EDIT sss/views/default/show_laptop_details.html: 1
[2012-11-15 05:05:53] EDIT sss/views/default/show_laptop_details.html: 0
[2012-11-15 05:06:07] EDIT sss/views/default/show_laptop_details.html: 0
[2012-11-15 05:18:31] CREATE default/sss.html: 0
[2012-11-15 05:18:57] CREATE default/promote.html: 0
[2012-11-15 05:19:09] EDIT sss/views/default/promote.html: 19
[2012-11-15 05:19:10] EDIT sss/views/default/promote.html: 0
[2012-11-15 05:22:14] CREATE default/student_rules.html: 0
[2012-11-15 05:22:18] EDIT sss/views/default/student_rules.html: 16
[2012-11-15 05:24:10] EDIT sss/models/db.py: 8
[2012-11-15 05:26:04] DELETE sss/views/default/student_rules.html: -19
[2012-11-15 05:26:19] CREATE default/studentrules.html: 0
[2012-11-15 05:26:23] EDIT sss/views/default/studentrules.html: 16
[2012-11-15 05:28:38] CREATE default/rules.html: 0
[2012-11-15 05:28:47] EDIT sss/views/default/rules.html: 25
[2012-11-15 05:31:05] EDIT sss/views/default/staff_vcomplaint.html: 0
[2012-11-15 05:34:11] CREATE default/amedreq.html: 0
[2012-11-15 05:34:15] EDIT sss/views/default/amedreq.html: 26
[2012-11-15 05:39:35] EDIT sss/models/menu.py: 1
[2012-11-15 05:47:36] EDIT sss/views/default/byroll.html: 23
[2012-11-15 05:48:39] EDIT sss/views/default/byroll.html: -4
[2012-11-15 05:49:04] EDIT sss/views/default/byroll.html: 0
[2012-11-15 05:49:22] EDIT sss/views/default/byroll.html: 0
[2012-11-15 05:50:50] EDIT sss/views/default/byroll.html: 1
[2012-11-15 05:51:06] EDIT sss/views/default/byroll.html: 0
[2012-11-15 05:51:18] EDIT sss/views/default/byroll.html: 0
[2012-11-15 05:51:49] EDIT sss/views/default/byroll.html: 0
[2012-11-15 05:53:07] EDIT sss/views/default/byroll.html: 0
[2012-11-15 05:53:41] EDIT sss/views/default/amedreq.html: 0
[2012-11-15 05:54:01] EDIT sss/models/db.py: 0
[2012-11-15 05:54:58] EDIT sss/views/default/byroll.html: 0
[2012-11-15 05:59:19] EDIT sss/controllers/default.py: 12
[2012-11-15 05:59:41] EDIT sss/views/default/student.html: 0
[2012-11-15 06:01:20] EDIT sss/views/default/student.html: 1
[2012-11-15 06:02:47] EDIT sss/controllers/default.py: 3
[2012-11-15 06:02:48] EDIT sss/views/default/student.html: 0
[2012-11-15 06:03:55] EDIT sss/views/default/student.html: 0
[2012-11-15 06:04:21] EDIT sss/views/default/student.html: 0
[2012-11-15 06:04:57] EDIT sss/controllers/default.py: 0
[2012-11-15 06:05:21] EDIT sss/views/default/student.html: 0
[2012-11-15 06:06:03] EDIT sss/views/default/student.html: 0
[2012-11-15 06:06:50] EDIT sss/views/default/student.html: 2
[2012-11-15 06:07:12] EDIT sss/views/default/student.html: 0
[2012-11-15 12:05:33] EDIT sss/controllers/default.py: 0
[2012-11-15 12:05:55] EDIT sss/controllers/default.py: 0
[2012-11-15 12:07:32] EDIT sss/controllers/default.py: 0
[2012-11-15 12:19:28] EDIT sss/models/menu.py: 4
[2012-11-15 12:20:55] EDIT sss/views/default/admin.html: -102
[2012-11-15 12:31:49] EDIT sss/controllers/default.py: 18
[2012-11-15 12:32:06] EDIT sss/controllers/default.py: -1
[2012-11-15 12:32:55] EDIT sss/views/default/admin.html: 22
[2012-11-15 12:34:05] EDIT sss/views/default/admin.html: 0
[2012-11-15 12:34:19] EDIT sss/views/default/admin.html: 0
[2012-11-15 12:34:30] EDIT sss/views/default/admin.html: 0
[2012-11-15 12:34:46] EDIT sss/views/default/admin.html: 0
[2012-11-15 12:34:56] EDIT sss/views/default/admin.html: 0
[2012-11-15 12:35:22] EDIT sss/views/default/admin.html: 0
[2012-11-15 12:35:36] EDIT sss/views/default/admin.html: 0
[2012-11-15 12:45:51] EDIT sss/views/default/student.html: 0
[2012-11-15 12:47:05] EDIT sss/views/default/admin.html: 0
[2012-11-15 12:51:15] EDIT sss/views/default/admin.html: 4
[2012-11-15 12:51:32] EDIT sss/views/default/admin.html: 1
[2012-11-15 12:52:46] EDIT sss/views/default/admin.html: 0
[2012-11-15 12:52:59] EDIT sss/views/default/admin.html: 0
[2012-11-15 12:54:17] EDIT sss/controllers/default.py: 0
[2012-11-15 12:56:19] CREATE default/editprofile.html: 0
[2012-11-15 12:57:11] EDIT sss/views/default/editprofile.html: 0
[2012-11-15 13:00:33] EDIT sss/views/default/editprofile.html: 1
[2012-11-15 13:03:52] EDIT sss/views/default/editprofile.html: -1
[2012-11-15 13:15:31] EDIT sss/controllers/default.py: 2
[2012-11-15 13:16:04] EDIT sss/controllers/default.py: 0
[2012-11-15 13:16:14] CREATE view_logs.html: 0
[2012-11-15 13:23:32] EDIT sss/views/default/admin.html: 1
[2012-11-15 13:25:10] EDIT sss/views/default/admin.html: 0
[2012-11-15 13:29:55] EDIT sss/views/default/admin.html: 0
[2012-11-15 13:29:57] EDIT sss/views/default/admin.html: 0
[2012-11-15 13:32:44] EDIT sss/views/default/admin.html: 0
[2012-11-15 13:33:47] EDIT sss/views/default/admin.html: 0
[2012-11-15 13:34:02] EDIT sss/views/default/admin.html: 0
[2012-11-15 13:57:04] EDIT sss/views/default/vcomplaint.html: 2
[2012-11-15 13:57:48] EDIT sss/views/default/vcomplaint.html: 0
[2012-11-15 14:00:38] EDIT sss/views/default/vcomplaint.html: 5
[2012-11-15 14:01:00] EDIT sss/views/default/vcomplaint.html: 0
[2012-11-15 14:01:34] EDIT sss/views/default/vcomplaint.html: 0
[2012-11-15 14:01:49] EDIT sss/views/default/vcomplaint.html: 0
[2012-11-15 14:02:13] EDIT sss/views/default/vcomplaint.html: -1
[2012-11-15 14:02:37] EDIT sss/views/default/vcomplaint.html: 0
[2012-11-15 14:02:48] EDIT sss/views/default/vcomplaint.html: 0
[2012-11-15 14:03:26] EDIT sss/views/default/vcomplaint.html: 0
[2012-11-15 14:09:11] EDIT sss/views/default/vcomplaint.html: 0
[2012-11-15 14:09:22] EDIT sss/views/default/vcomplaint.html: 0
[2012-11-15 14:09:45] EDIT sss/views/default/vcomplaint.html: 0
[2012-11-15 14:16:33] EDIT sss/views/default/student.html: 14
[2012-11-15 14:18:28] EDIT sss/controllers/default.py: 0
[2012-11-15 14:20:07] EDIT sss/views/default/student.html: 63
[2012-11-15 14:20:46] EDIT sss/views/default/student.html: -77
[2012-11-15 14:21:59] EDIT sss/views/default/student.html: 17
[2012-11-15 14:24:27] EDIT sss/views/default/student.html: 4
[2012-11-15 14:27:32] EDIT sss/views/default/student.html: 0
[2012-11-15 14:29:04] EDIT sss/views/default/student.html: -43
[2012-11-15 14:33:30] EDIT sss/views/default/student.html: 0
[2012-11-15 14:33:55] EDIT sss/views/default/student.html: 0
[2012-11-15 14:34:40] EDIT sss/views/default/student.html: 0
[2012-11-15 14:35:04] EDIT sss/views/default/student.html: 0
[2012-11-15 14:35:08] EDIT sss/views/default/student.html: 0
[2012-11-15 14:35:39] EDIT sss/views/default/student.html: 0
[2012-11-15 14:36:18] EDIT sss/controllers/default.py: 17
[2012-11-15 14:38:51] EDIT sss/views/default/student.html: -1
[2012-11-15 14:40:37] EDIT sss/views/default/student.html: -1
[2012-11-15 14:41:09] EDIT sss/views/default/student.html: 1
[2012-11-15 14:41:29] EDIT sss/views/default/student.html: 0
[2012-11-15 14:41:49] EDIT sss/views/default/student.html: 0
[2012-11-15 14:44:09] EDIT sss/views/default/student.html: -1
[2012-11-15 14:46:02] EDIT sss/views/default/student.html: 2
[2012-11-15 14:48:43] EDIT sss/views/default/student.html: -2
[2012-11-15 14:54:32] EDIT sss/views/newlayout.html: 0
[2012-11-15 14:56:17] EDIT sss/views/newlayout.html: 0
[2012-11-15 14:59:02] EDIT sss/views/default/student.html: 0
[2012-11-15 15:05:24] EDIT sss/views/default/student.html: 0
[2012-11-15 15:05:44] EDIT sss/views/default/student.html: 0
[2012-11-15 15:15:48] EDIT sss/views/default/student.html: 9
[2012-11-15 15:18:18] EDIT sss/views/default/student.html: 3
[2012-11-15 15:19:05] EDIT sss/views/default/student.html: 0
[2012-11-15 15:21:52] EDIT sss/views/default/student.html: -12
[2012-11-15 15:22:40] EDIT sss/views/default/student.html: 0
[2012-11-15 15:23:08] EDIT sss/views/default/student.html: 0
[2012-11-15 15:29:15] EDIT sss/views/default/student.html: 1
[2012-11-15 15:29:45] EDIT sss/views/default/student.html: 0
[2012-11-15 15:31:01] EDIT sss/views/default/student.html: 1
[2012-11-15 15:32:00] EDIT sss/controllers/default.py: 0
[2012-11-15 15:33:11] EDIT sss/controllers/default.py: 0
[2012-11-15 15:33:27] EDIT sss/views/default/student.html: 0
[2012-11-15 15:33:50] EDIT sss/views/default/student.html: -1
[2012-11-15 15:35:42] EDIT sss/views/default/student.html: 0
[2012-11-15 15:37:16] EDIT sss/views/default/student.html: 0
[2012-11-15 15:38:00] EDIT sss/views/default/student.html: 0
[2012-11-15 15:38:11] EDIT sss/views/default/student.html: 0
[2012-11-15 15:38:18] EDIT sss/views/default/student.html: 0
[2012-11-15 15:38:25] EDIT sss/views/default/student.html: 0
[2012-11-15 15:38:31] EDIT sss/views/default/student.html: 0
[2012-11-15 15:38:37] EDIT sss/views/default/student.html: 0
[2012-11-15 15:38:43] EDIT sss/views/default/student.html: 0
[2012-11-15 15:48:45] EDIT sss/views/default/admin.html: 0
[2012-11-15 15:49:00] EDIT sss/views/default/admin.html: 0
[2012-11-15 15:52:59] EDIT sss/controllers/default.py: -3
[2012-11-15 15:56:50] EDIT sss/controllers/default.py: 1
[2012-11-15 15:58:56] EDIT sss/models/db.py: 2
[2012-11-15 15:59:41] EDIT sss/controllers/default.py: -1
[2012-11-15 16:00:11] EDIT sss/views/default/admin.html: 0
[2012-11-15 16:02:56] EDIT sss/views/default/admin.html: 0
[2012-11-15 16:04:07] EDIT sss/controllers/default.py: 0
[2012-11-15 16:04:56] EDIT sss/controllers/default.py: 0
[2012-11-15 16:05:42] EDIT sss/controllers/default.py: 1
[2012-11-15 16:06:34] EDIT sss/controllers/default.py: 1
[2012-11-15 16:08:08] EDIT sss/controllers/default.py: 0
[2012-11-15 16:11:25] EDIT sss/models/db.py: 2
[2012-11-15 16:28:00] EDIT sss/views/default/viewprofile.html: 0
[2012-11-15 16:29:04] EDIT sss/views/default/viewprofile.html: 0
[2012-11-15 16:32:07] EDIT sss/views/newlayout.html: 146
[2012-11-15 16:36:13] EDIT sss/views/newlayout.html: -1
[2012-11-15 16:44:59] EDIT sss/views/newlayout.html: -145
[2012-11-15 16:46:52] EDIT sss/views/newlayout.html: 1
[2012-11-15 16:53:24] EDIT sss/controllers/default.py: -2
[2012-11-15 16:54:12] EDIT sss/views/default/vcomplaint.html: 0
[2012-11-15 17:11:50] EDIT sss/views/default/puser.html: -137
[2012-11-15 17:12:49] EDIT sss/views/default/puser.html: 10
[2012-11-15 17:15:53] EDIT sss/controllers/default.py: 15
[2012-11-15 17:22:01] EDIT sss/views/default/puser.html: 0
[2012-11-15 17:39:49] EDIT sss/controllers/default.py: 2
[2012-11-15 17:40:04] EDIT sss/controllers/default.py: 0
[2012-11-16 10:42:56] EDIT hostel/controllers/default.py: 0
[2012-11-16 10:45:08] EDIT hostel/views/default/puser.html: 4
[2012-11-16 10:46:06] EDIT hostel/views/default/puser.html: -68
[2012-11-16 10:46:10] EDIT hostel/views/default/puser.html: 71
[2012-11-16 10:47:05] EDIT hostel/views/newlayout.html: 10
[2012-11-16 10:47:49] EDIT hostel/views/newlayout.html: 71
[2012-11-16 10:49:19] EDIT hostel/views/default/student.html: 2
[2012-11-16 10:52:00] EDIT hostel/views/default/student.html: 0
[2012-11-16 10:58:35] EDIT hostel/views/default/student.html: 0
[2012-11-16 10:59:59] EDIT hostel/views/default/student.html: 1
[2012-11-16 10:59:59] EDIT hostel/views/default/student.html: 0
[2012-11-16 11:00:09] EDIT hostel/views/default/student.html: -1
[2012-11-16 11:01:54] EDIT hostel/views/default/student.html: -3
[2012-11-16 11:03:19] EDIT hostel/views/default/student.html: 0
[2012-11-16 11:03:51] EDIT hostel/views/default/student.html: 0
[2012-11-16 11:04:16] EDIT hostel/views/default/student.html: 0
[2012-11-16 11:04:35] EDIT hostel/views/default/student.html: 0
[2012-11-16 11:05:33] EDIT hostel/views/default/student.html: 0
[2012-11-16 11:06:33] EDIT hostel/views/default/student.html: 0
[2012-11-16 11:07:55] EDIT hostel/views/default/student.html: 1
[2012-11-16 11:09:29] EDIT hostel/views/default/student.html: 0
[2012-11-16 11:10:34] EDIT hostel/views/default/student.html: 0
[2012-11-16 11:12:29] EDIT hostel/views/default/student.html: -1
[2012-11-16 11:13:44] EDIT hostel/views/default/student.html: 0
[2012-11-16 11:17:34] EDIT hostel/controllers/default.py: 0
[2012-11-16 11:18:14] EDIT hostel/views/default/student.html: -1
[2012-11-16 11:18:57] EDIT hostel/views/default/student.html: 0
[2012-11-16 11:19:17] EDIT hostel/views/default/student.html: 1
[2012-11-16 11:21:25] EDIT hostel/views/default/puser.html: -3
[2012-11-16 11:22:15] EDIT hostel/views/newlayout.html: -3
[2012-11-16 11:23:40] EDIT hostel/views/newlayout.html: 0
[2012-11-16 11:26:40] EDIT hostel/views/default/student.html: 2
[2012-11-16 11:27:41] EDIT hostel/views/default/student.html: 1
[2012-11-16 11:31:18] EDIT hostel/views/default/student.html: -3
[2012-11-16 11:46:16] EDIT hostel/models/db.py: 1
[2012-11-16 11:49:18] EDIT hostel/models/db.py: 0
[2012-11-16 11:54:32] EDIT hostel/controllers/default.py: 0
[2012-11-16 11:57:06] EDIT hostel/models/db.py: 0
[2012-11-16 12:06:31] EDIT hostel/models/db.py: 1
[2012-11-16 12:06:56] EDIT hostel/models/db.py: 0
[2012-11-16 12:10:25] EDIT hostel/controllers/default.py: 4
[2012-11-16 12:12:16] EDIT hostel/controllers/default.py: 1
[2012-11-16 12:12:36] EDIT hostel/controllers/default.py: 0
[2012-11-16 12:19:09] EDIT hostel/controllers/default.py: 1
[2012-11-16 12:20:39] EDIT hostel/controllers/default.py: 0
[2012-11-16 12:22:30] EDIT hostel/controllers/default.py: 0
[2012-11-16 12:23:41] EDIT hostel/controllers/default.py: 0
[2012-11-16 12:26:42] EDIT hostel/controllers/default.py: 0
[2012-11-16 12:28:27] EDIT hostel/controllers/default.py: 0
[2012-11-16 12:29:39] EDIT hostel/controllers/default.py: -5
[2012-11-16 12:30:12] EDIT hostel/controllers/default.py: 0
[2012-11-16 12:32:58] EDIT hostel/controllers/default.py: 0
[2012-11-16 12:40:50] EDIT hostel/controllers/default.py: 1
[2012-11-16 12:41:20] EDIT hostel/controllers/default.py: 0
[2012-11-16 12:41:55] EDIT hostel/controllers/default.py: 0
[2012-11-16 12:42:31] EDIT hostel/controllers/default.py: 0
[2012-11-16 12:55:31] EDIT hostel/views/default/student.html: 0
[2012-11-16 12:55:50] EDIT hostel/views/default/student.html: 0
[2012-11-16 12:56:31] EDIT hostel/views/default/student.html: 0
[2012-11-16 12:56:41] EDIT hostel/views/default/student.html: 0
[2012-11-16 12:56:51] EDIT hostel/views/default/student.html: 0
[2012-11-16 12:57:33] EDIT hostel/views/default/puser.html: 0
[2012-11-16 12:58:18] EDIT hostel/views/newlayout.html: 2
[2012-11-16 12:58:38] EDIT hostel/views/newlayout.html: 0
[2012-11-16 13:00:33] EDIT hostel/views/default/staff_vcomplaint.html: 2
[2012-11-16 13:01:59] EDIT hostel/views/default/staff_vcomplaint.html: 0
[2012-11-16 13:06:30] EDIT hostel/controllers/default.py: 3
[2012-11-16 13:07:43] EDIT hostel/controllers/default.py: -1
[2012-11-16 13:08:28] EDIT hostel/controllers/default.py: -2
[2012-11-16 13:09:55] EDIT hostel/controllers/default.py: 5
[2012-11-16 13:10:15] EDIT hostel/controllers/default.py: 0
[2012-11-16 13:13:15] EDIT hostel/controllers/default.py: -5
[2012-11-16 13:14:35] EDIT hostel/controllers/default.py: 1
[2012-11-16 13:15:53] EDIT hostel/controllers/default.py: 0
[2012-11-16 13:17:08] EDIT hostel/controllers/default.py: 1
[2012-11-16 13:18:49] EDIT hostel/views/default/vcomplaint.html: 0
[2012-11-16 13:19:08] EDIT hostel/views/default/vcomplaint.html: 0
[2012-11-16 13:19:42] EDIT hostel/controllers/default.py: 0
[2012-11-16 13:20:32] EDIT hostel/controllers/default.py: 0
[2012-11-16 13:20:34] EDIT hostel/views/default/vcomplaint.html: 0
[2012-11-16 13:22:16] EDIT hostel/views/default/staff_vcomplaint.html: 0
[2012-11-16 13:27:19] EDIT hostel/controllers/default.py: 0
[2012-11-16 13:27:49] EDIT hostel/controllers/default.py: 0
[2012-11-16 13:29:06] EDIT hostel/controllers/default.py: 0
[2012-11-16 13:30:28] EDIT hostel/controllers/default.py: 0
[2012-11-16 13:31:48] EDIT hostel/controllers/default.py: 0
[2012-11-16 13:32:45] EDIT hostel/controllers/default.py: 0
[2012-11-16 13:32:50] EDIT hostel/controllers/default.py: 0
[2012-11-16 13:35:21] EDIT hostel/views/default/vcomplaint.html: 2
[2012-11-16 13:35:45] EDIT hostel/views/default/vcomplaint.html: 0
[2012-11-16 13:36:48] EDIT hostel/views/newlayout.html: 1
[2012-11-16 13:36:57] EDIT hostel/views/newlayout.html: 0
[2012-11-16 13:37:18] EDIT hostel/views/newlayout.html: -1
[2012-11-16 13:37:55] EDIT hostel/views/newlayout.html: -1
[2012-11-16 13:38:00] EDIT hostel/views/newlayout.html: 1
[2012-11-16 13:38:26] EDIT hostel/views/newlayout.html: 0
[2012-11-16 13:41:36] EDIT hostel/views/default/vcomplaint.html: 1
[2012-11-16 13:43:08] EDIT hostel/views/default/vcomplaint.html: 0
[2012-11-16 13:43:14] EDIT hostel/views/default/vcomplaint.html: -6
[2012-11-16 13:43:57] EDIT hostel/views/default/vcomplaint.html: 2
[2012-11-16 13:45:21] EDIT hostel/views/default/vcomplaint.html: 3
[2012-11-16 13:47:41] EDIT hostel/views/default/staff_vcomplaint.html: 1
[2012-11-16 13:47:58] EDIT hostel/views/default/staff_vcomplaint.html: 0
[2012-11-16 13:48:19] EDIT hostel/views/default/staff_vcomplaint.html: 0
[2012-11-16 13:48:31] EDIT hostel/views/default/staff_vcomplaint.html: 0
[2012-11-16 13:52:08] EDIT hostel/views/default/admin.html: 3
[2012-11-16 13:53:02] EDIT hostel/views/default/admin.html: 1
[2012-11-16 13:53:12] EDIT hostel/views/default/admin.html: 0
[2012-11-16 13:53:23] EDIT hostel/views/default/admin.html: 0
[2012-11-16 13:53:44] EDIT hostel/views/default/admin.html: 0
[2012-11-16 13:53:51] EDIT hostel/views/default/admin.html: 0
[2012-11-16 13:53:57] EDIT hostel/views/default/admin.html: 0
[2012-11-16 13:54:05] EDIT hostel/views/default/admin.html: 0
[2012-11-16 13:55:56] EDIT hostel/views/default/admin.html: 3
[2012-11-16 13:56:19] EDIT hostel/views/default/admin.html: 0
[2012-11-16 13:57:00] EDIT hostel/views/default/admin.html: 0
[2012-11-16 13:57:37] EDIT hostel/views/default/admin.html: 0
[2012-11-16 13:58:33] EDIT hostel/views/default/admin.html: 0
[2012-11-16 13:59:45] EDIT hostel/views/default/admin.html: 0
[2012-11-16 14:00:21] EDIT hostel/views/default/admin.html: -2
[2012-11-16 14:02:34] EDIT hostel/views/default/admin.html: -8
[2012-11-16 14:06:10] EDIT hostel/controllers/default.py: 3
[2012-11-16 14:06:18] EDIT hostel/views/default/admin.html: -1
[2012-11-16 14:06:48] EDIT hostel/views/default/admin.html: 0
[2012-11-16 14:08:49] EDIT hostel/controllers/default.py: 2
[2012-11-16 14:09:02] EDIT hostel/controllers/default.py: 0
[2012-11-16 14:09:46] EDIT hostel/controllers/default.py: 1
[2012-11-16 14:10:17] EDIT hostel/controllers/default.py: 0
[2012-11-16 14:10:59] EDIT hostel/controllers/default.py: -1
[2012-11-16 14:11:38] EDIT hostel/controllers/default.py: 1
[2012-11-16 14:13:39] EDIT hostel/views/default/admin.html: 2
[2012-11-16 14:14:34] EDIT hostel/views/default/admin.html: 0
[2012-11-16 14:45:04] EDIT hostel/controllers/default.py: 0
[2012-11-16 14:50:13] EDIT hostel/controllers/default.py: 0
[2012-11-16 15:16:31] EDIT hostel/controllers/default.py: 0
[2012-11-16 15:53:14] EDIT hostel/models/db.py: 0
[2012-11-16 16:40:03] EDIT hostel/controllers/default.py: 0
[2012-11-16 17:03:29] EDIT hostel/controllers/default.py: 0
[2012-11-16 17:04:03] EDIT hostel/controllers/default.py: 0
[2012-11-16 17:17:01] EDIT hostel/views/default/amedreq.html: 2
[2012-11-17 14:35:05] EDIT hostel/views/default/promote.html: 0
[2012-11-17 14:35:44] EDIT hostel/views/default/promote.html: 0
[2012-11-17 14:36:23] EDIT hostel/views/default/admin.html: 0
[2012-11-17 14:45:33] EDIT hostel/controllers/default.py: 0
[2012-11-17 14:51:23] EDIT hostel/controllers/default.py: 0
[2012-11-17 14:53:36] EDIT hostel/views/default/staff_vcomplaint.html: -2
[2012-11-17 14:53:54] EDIT hostel/views/default/staff_vcomplaint.html: 0
[2012-11-17 14:54:32] EDIT hostel/views/default/staff_vcomplaint.html: 0
[2012-11-17 14:54:47] EDIT hostel/views/default/staff_vcomplaint.html: 0
[2012-11-17 14:56:49] EDIT hostel/controllers/default.py: 0
[2012-11-17 15:18:57] EDIT hostel/views/default/staff_vcomplaint.html: 0
[2012-11-17 15:20:47] EDIT hostel/controllers/default.py: 1
[2012-11-17 15:20:57] EDIT hostel/controllers/default.py: 0
[2012-11-17 15:30:14] EDIT hostel/views/default/admin.html: -6
